<?xml version="1.0" encoding="UTF-8"?>
<coverage generated="1779890788500" clover="3.2.0">
  <project timestamp="1779890788500" name="All files">
    <metrics statements="588" coveredstatements="485" conditionals="1030" coveredconditionals="678" methods="133" coveredmethods="111" elements="1751" coveredelements="1274" complexity="0" loc="588" ncloc="588" packages="6" files="15" classes="15"/>
    <package name="src">
      <metrics statements="315" coveredstatements="265" conditionals="737" coveredconditionals="468" methods="68" coveredmethods="61"/>
      <file name="SefUblBuilder.ts" path="/Users/dlbr/labs/sef/packages/ubl-sdk/src/SefUblBuilder.ts">
        <metrics statements="18" coveredstatements="12" conditionals="44" coveredconditionals="27" methods="12" coveredmethods="11"/>
        <line num="24" count="10" type="cond" truecount="4" falsecount="1"/>
        <line num="25" count="0" type="cond" truecount="0" falsecount="2"/>
        <line num="26" count="0" type="stmt"/>
        <line num="28" count="0" type="stmt"/>
        <line num="32" count="10" type="stmt"/>
        <line num="34" count="10" type="stmt"/>
        <line num="66" count="12" type="stmt"/>
        <line num="79" count="0" type="cond" truecount="2" falsecount="0"/>
        <line num="84" count="10" type="stmt"/>
        <line num="87" count="0" type="stmt"/>
        <line num="88" count="1" type="stmt"/>
        <line num="89" count="2" type="stmt"/>
        <line num="90" count="1" type="stmt"/>
        <line num="91" count="2" type="stmt"/>
        <line num="92" count="1" type="stmt"/>
        <line num="93" count="1" type="stmt"/>
        <line num="94" count="2" type="stmt"/>
        <line num="95" count="0" type="stmt"/>
      </file>
      <file name="constants.ts" path="/Users/dlbr/labs/sef/packages/ubl-sdk/src/constants.ts">
        <metrics statements="3" coveredstatements="3" conditionals="0" coveredconditionals="0" methods="0" coveredmethods="0"/>
        <line num="5" count="6" type="stmt"/>
        <line num="23" count="6" type="stmt"/>
        <line num="33" count="6" type="stmt"/>
      </file>
      <file name="index.ts" path="/Users/dlbr/labs/sef/packages/ubl-sdk/src/index.ts">
        <metrics statements="0" coveredstatements="0" conditionals="0" coveredconditionals="0" methods="0" coveredmethods="0"/>
      </file>
      <file name="validator.ts" path="/Users/dlbr/labs/sef/packages/ubl-sdk/src/validator.ts">
        <metrics statements="294" coveredstatements="250" conditionals="693" coveredconditionals="441" methods="56" coveredmethods="50"/>
        <line num="5" count="3" type="stmt"/>
        <line num="7" count="0" type="stmt"/>
        <line num="10" count="3" type="stmt"/>
        <line num="15" count="1" type="stmt"/>
        <line num="18" count="3" type="stmt"/>
        <line num="30" count="12" type="stmt"/>
        <line num="31" count="12" type="cond" truecount="1" falsecount="1"/>
        <line num="47" count="24" type="cond" truecount="1" falsecount="1"/>
        <line num="48" count="24" type="stmt"/>
        <line num="49" count="24" type="stmt"/>
        <line num="50" count="192" type="stmt"/>
        <line num="51" count="192" type="cond" truecount="2" falsecount="0"/>
        <line num="53" count="24" type="stmt"/>
        <line num="66" count="24" type="cond" truecount="3" falsecount="1"/>
        <line num="67" count="24" type="stmt"/>
        <line num="68" count="24" type="stmt"/>
        <line num="69" count="24" type="stmt"/>
        <line num="70" count="168" type="stmt"/>
        <line num="71" count="168" type="cond" truecount="2" falsecount="0"/>
        <line num="73" count="24" type="cond" truecount="1" falsecount="1"/>
        <line num="74" count="24" type="stmt"/>
        <line num="85" count="27" type="cond" truecount="1" falsecount="1"/>
        <line num="86" count="27" type="stmt"/>
        <line num="89" count="27" type="cond" truecount="3" falsecount="1"/>
        <line num="92" count="27" type="cond" truecount="5" falsecount="0"/>
        <line num="94" count="27" type="cond" truecount="5" falsecount="0"/>
        <line num="95" count="27" type="cond" truecount="4" falsecount="0"/>
        <line num="98" count="27" type="cond" truecount="2" falsecount="2"/>
        <line num="101" count="27" type="cond" truecount="4" falsecount="0"/>
        <line num="102" count="27" type="cond" truecount="2" falsecount="0"/>
        <line num="106" count="27" type="cond" truecount="2" falsecount="0"/>
        <line num="107" count="17" type="stmt"/>
        <line num="109" count="10" type="cond" truecount="2" falsecount="4"/>
        <line num="111" count="10" type="cond" truecount="1" falsecount="1"/>
        <line num="115" count="27" type="cond" truecount="2" falsecount="0"/>
        <line num="116" count="17" type="stmt"/>
        <line num="118" count="10" type="cond" truecount="2" falsecount="4"/>
        <line num="120" count="10" type="cond" truecount="1" falsecount="1"/>
        <line num="124" count="27" type="cond" truecount="3" falsecount="0"/>
        <line num="127" count="27" type="cond" truecount="3" falsecount="0"/>
        <line num="130" count="27" type="cond" truecount="2" falsecount="0"/>
        <line num="133" count="27" type="cond" truecount="3" falsecount="0"/>
        <line num="136" count="27" type="cond" truecount="4" falsecount="0"/>
        <line num="137" count="1" type="cond" truecount="1" falsecount="1"/>
        <line num="141" count="27" type="cond" truecount="6" falsecount="0"/>
        <line num="142" count="7" type="stmt"/>
        <line num="151" count="27" type="cond" truecount="3" falsecount="1"/>
        <line num="154" count="27" type="cond" truecount="4" falsecount="3"/>
        <line num="157" count="27" type="cond" truecount="3" falsecount="1"/>
        <line num="158" count="0" type="stmt"/>
        <line num="166" count="27" type="stmt"/>
        <line num="176" count="3" type="stmt"/>
        <line num="289" count="12" type="cond" truecount="3" falsecount="1"/>
        <line num="290" count="12" type="stmt"/>
        <line num="304" count="12" type="cond" truecount="3" falsecount="1"/>
        <line num="305" count="12" type="cond" truecount="3" falsecount="1"/>
        <line num="306" count="12" type="stmt"/>
        <line num="313" count="12" type="cond" truecount="1" falsecount="1"/>
        <line num="314" count="12" type="cond" truecount="1" falsecount="1"/>
        <line num="315" count="12" type="cond" truecount="3" falsecount="1"/>
        <line num="316" count="12" type="cond" truecount="3" falsecount="1"/>
        <line num="317" count="12" type="stmt"/>
        <line num="322" count="12" type="cond" truecount="3" falsecount="1"/>
        <line num="323" count="12" type="stmt"/>
        <line num="328" count="12" type="cond" truecount="1" falsecount="1"/>
        <line num="329" count="0" type="stmt"/>
        <line num="330" count="0" type="cond" truecount="0" falsecount="2"/>
        <line num="333" count="12" type="stmt"/>
        <line num="337" count="12" type="cond" truecount="3" falsecount="2"/>
        <line num="338" count="12" type="stmt"/>
        <line num="343" count="12" type="cond" truecount="2" falsecount="0"/>
        <line num="344" count="4" type="cond" truecount="2" falsecount="0"/>
        <line num="345" count="4" type="cond" truecount="2" falsecount="0"/>
        <line num="346" count="4" type="cond" truecount="3" falsecount="1"/>
        <line num="348" count="12" type="stmt"/>
        <line num="355" count="12" type="cond" truecount="3" falsecount="1"/>
        <line num="356" count="12" type="stmt"/>
        <line num="358" count="0" type="stmt"/>
        <line num="363" count="12" type="cond" truecount="3" falsecount="1"/>
        <line num="364" count="0" type="cond" truecount="0" falsecount="4"/>
        <line num="366" count="12" type="stmt"/>
        <line num="371" count="12" type="cond" truecount="3" falsecount="1"/>
        <line num="372" count="0" type="cond" truecount="0" falsecount="4"/>
        <line num="374" count="12" type="stmt"/>
        <line num="379" count="12" type="cond" truecount="3" falsecount="2"/>
        <line num="380" count="12" type="stmt"/>
        <line num="385" count="12" type="cond" truecount="2" falsecount="2"/>
        <line num="386" count="12" type="stmt"/>
        <line num="391" count="12" type="cond" truecount="1" falsecount="1"/>
        <line num="392" count="12" type="stmt"/>
        <line num="397" count="12" type="cond" truecount="3" falsecount="1"/>
        <line num="398" count="12" type="stmt"/>
        <line num="399" count="12" type="cond" truecount="1" falsecount="1"/>
        <line num="400" count="12" type="cond" truecount="1" falsecount="1"/>
        <line num="401" count="0" type="cond" truecount="0" falsecount="5"/>
        <line num="404" count="12" type="stmt"/>
        <line num="409" count="12" type="cond" truecount="2" falsecount="2"/>
        <line num="410" count="12" type="stmt"/>
        <line num="415" count="12" type="cond" truecount="4" falsecount="1"/>
        <line num="416" count="12" type="stmt"/>
        <line num="421" count="12" type="stmt"/>
        <line num="422" count="12" type="cond" truecount="2" falsecount="2"/>
        <line num="423" count="12" type="stmt"/>
        <line num="427" count="12" type="stmt"/>
        <line num="428" count="12" type="cond" truecount="2" falsecount="3"/>
        <line num="429" count="0" type="cond" truecount="0" falsecount="2"/>
        <line num="431" count="12" type="stmt"/>
        <line num="442" count="12" type="cond" truecount="3" falsecount="1"/>
        <line num="443" count="12" type="cond" truecount="3" falsecount="1"/>
        <line num="444" count="12" type="cond" truecount="1" falsecount="1"/>
        <line num="445" count="12" type="cond" truecount="1" falsecount="1"/>
        <line num="446" count="12" type="stmt"/>
        <line num="447" count="12" type="cond" truecount="2" falsecount="0"/>
        <line num="448" count="12" type="cond" truecount="1" falsecount="1"/>
        <line num="449" count="12" type="stmt"/>
        <line num="456" count="12" type="cond" truecount="3" falsecount="1"/>
        <line num="457" count="12" type="cond" truecount="1" falsecount="1"/>
        <line num="458" count="12" type="cond" truecount="1" falsecount="1"/>
        <line num="459" count="12" type="cond" truecount="1" falsecount="1"/>
        <line num="460" count="12" type="cond" truecount="1" falsecount="1"/>
        <line num="462" count="12" type="cond" truecount="3" falsecount="1"/>
        <line num="463" count="12" type="cond" truecount="1" falsecount="1"/>
        <line num="467" count="12" type="cond" truecount="1" falsecount="1"/>
        <line num="468" count="12" type="stmt"/>
        <line num="469" count="12" type="cond" truecount="1" falsecount="1"/>
        <line num="470" count="14" type="cond" truecount="2" falsecount="3"/>
        <line num="472" count="12" type="cond" truecount="3" falsecount="1"/>
        <line num="475" count="12" type="stmt"/>
        <line num="480" count="12" type="cond" truecount="3" falsecount="1"/>
        <line num="481" count="12" type="cond" truecount="3" falsecount="1"/>
        <line num="482" count="12" type="stmt"/>
        <line num="483" count="12" type="cond" truecount="1" falsecount="1"/>
        <line num="484" count="12" type="cond" truecount="1" falsecount="1"/>
        <line num="486" count="12" type="stmt"/>
        <line num="492" count="12" type="cond" truecount="3" falsecount="1"/>
        <line num="493" count="12" type="stmt"/>
        <line num="494" count="12" type="stmt"/>
        <line num="495" count="12" type="stmt"/>
        <line num="496" count="12" type="cond" truecount="4" falsecount="1"/>
        <line num="497" count="12" type="cond" truecount="1" falsecount="1"/>
        <line num="499" count="12" type="stmt"/>
        <line num="504" count="12" type="cond" truecount="3" falsecount="1"/>
        <line num="505" count="12" type="cond" truecount="4" falsecount="2"/>
        <line num="506" count="12" type="stmt"/>
        <line num="507" count="12" type="cond" truecount="1" falsecount="1"/>
        <line num="508" count="14" type="cond" truecount="6" falsecount="4"/>
        <line num="509" count="14" type="cond" truecount="4" falsecount="3"/>
        <line num="511" count="12" type="stmt"/>
        <line num="512" count="12" type="cond" truecount="6" falsecount="4"/>
        <line num="513" count="12" type="cond" truecount="1" falsecount="1"/>
        <line num="514" count="12" type="cond" truecount="2" falsecount="2"/>
        <line num="515" count="12" type="cond" truecount="2" falsecount="2"/>
        <line num="519" count="12" type="stmt"/>
        <line num="524" count="12" type="cond" truecount="6" falsecount="0"/>
        <line num="526" count="2" type="cond" truecount="1" falsecount="1"/>
        <line num="528" count="12" type="stmt"/>
        <line num="535" count="12" type="cond" truecount="2" falsecount="2"/>
        <line num="536" count="12" type="stmt"/>
        <line num="541" count="12" type="cond" truecount="3" falsecount="1"/>
        <line num="542" count="0" type="stmt"/>
        <line num="543" count="0" type="stmt"/>
        <line num="544" count="0" type="cond" truecount="0" falsecount="2"/>
        <line num="546" count="12" type="stmt"/>
        <line num="551" count="12" type="cond" truecount="2" falsecount="2"/>
        <line num="552" count="12" type="stmt"/>
        <line num="556" count="12" type="cond" truecount="1" falsecount="1"/>
        <line num="557" count="12" type="stmt"/>
        <line num="562" count="12" type="cond" truecount="4" falsecount="0"/>
        <line num="563" count="1" type="stmt"/>
        <line num="565" count="11" type="stmt"/>
        <line num="570" count="12" type="cond" truecount="4" falsecount="0"/>
        <line num="571" count="3" type="cond" truecount="1" falsecount="1"/>
        <line num="572" count="3" type="cond" truecount="1" falsecount="1"/>
        <line num="573" count="3" type="cond" truecount="3" falsecount="1"/>
        <line num="576" count="12" type="stmt"/>
        <line num="580" count="12" type="cond" truecount="2" falsecount="2"/>
        <line num="581" count="12" type="stmt"/>
        <line num="585" count="12" type="stmt"/>
        <line num="586" count="12" type="cond" truecount="3" falsecount="2"/>
        <line num="587" count="12" type="stmt"/>
        <line num="591" count="12" type="stmt"/>
        <line num="592" count="12" type="cond" truecount="2" falsecount="2"/>
        <line num="593" count="12" type="stmt"/>
        <line num="598" count="12" type="cond" truecount="1" falsecount="2"/>
        <line num="599" count="12" type="cond" truecount="5" falsecount="1"/>
        <line num="600" count="0" type="stmt"/>
        <line num="602" count="12" type="stmt"/>
        <line num="607" count="12" type="cond" truecount="3" falsecount="1"/>
        <line num="608" count="12" type="stmt"/>
        <line num="624" count="15" type="cond" truecount="1" falsecount="1"/>
        <line num="625" count="0" type="stmt"/>
        <line num="629" count="15" type="stmt"/>
        <line num="632" count="15" type="cond" truecount="5" falsecount="1"/>
        <line num="633" count="0" type="stmt"/>
        <line num="637" count="15" type="cond" truecount="2" falsecount="0"/>
        <line num="638" count="4" type="stmt"/>
        <line num="642" count="12" type="stmt"/>
        <line num="643" count="12" type="cond" truecount="1" falsecount="1"/>
        <line num="644" count="0" type="stmt"/>
        <line num="645" count="0" type="stmt"/>
        <line num="647" count="12" type="stmt"/>
        <line num="652" count="4" type="cond" truecount="3" falsecount="0"/>
        <line num="653" count="4" type="cond" truecount="4" falsecount="0"/>
        <line num="654" count="1" type="stmt"/>
        <line num="659" count="3" type="cond" truecount="1" falsecount="1"/>
        <line num="660" count="0" type="cond" truecount="0" falsecount="2"/>
        <line num="661" count="0" type="cond" truecount="0" falsecount="3"/>
        <line num="663" count="0" type="cond" truecount="0" falsecount="4"/>
        <line num="664" count="0" type="stmt"/>
        <line num="669" count="3" type="cond" truecount="3" falsecount="0"/>
        <line num="670" count="4" type="cond" truecount="4" falsecount="0"/>
        <line num="671" count="2" type="stmt"/>
        <line num="676" count="3" type="cond" truecount="3" falsecount="1"/>
        <line num="679" count="3" type="cond" truecount="2" falsecount="0"/>
        <line num="687" count="0" type="stmt"/>
        <line num="688" count="0" type="cond" truecount="0" falsecount="2"/>
        <line num="689" count="0" type="stmt"/>
        <line num="694" count="0" type="cond" truecount="0" falsecount="4"/>
        <line num="695" count="0" type="stmt"/>
        <line num="698" count="0" type="stmt"/>
        <line num="710" count="15" type="cond" truecount="1" falsecount="1"/>
        <line num="713" count="15" type="stmt"/>
        <line num="716" count="15" type="cond" truecount="1" falsecount="1"/>
        <line num="717" count="0" type="stmt"/>
        <line num="721" count="15" type="cond" truecount="4" falsecount="0"/>
        <line num="722" count="14" type="stmt"/>
        <line num="726" count="15" type="cond" truecount="3" falsecount="0"/>
        <line num="727" count="15" type="cond" truecount="2" falsecount="2"/>
        <line num="728" count="15" type="stmt"/>
        <line num="739" count="15" type="cond" truecount="4" falsecount="0"/>
        <line num="740" count="2" type="stmt"/>
        <line num="741" count="2" type="stmt"/>
        <line num="743" count="15" type="cond" truecount="2" falsecount="0"/>
        <line num="744" count="15" type="cond" truecount="2" falsecount="0"/>
        <line num="746" count="15" type="stmt"/>
        <line num="757" count="15" type="cond" truecount="4" falsecount="0"/>
        <line num="758" count="2" type="stmt"/>
        <line num="759" count="2" type="stmt"/>
        <line num="760" count="2" type="stmt"/>
        <line num="771" count="0" type="stmt"/>
        <line num="784" count="15" type="cond" truecount="2" falsecount="0"/>
        <line num="785" count="15" type="cond" truecount="2" falsecount="2"/>
        <line num="786" count="0" type="stmt"/>
        <line num="789" count="0" type="cond" truecount="0" falsecount="3"/>
        <line num="799" count="15" type="stmt"/>
        <line num="810" count="15" type="cond" truecount="4" falsecount="0"/>
        <line num="811" count="2" type="stmt"/>
        <line num="812" count="2" type="stmt"/>
        <line num="814" count="15" type="stmt"/>
        <line num="822" count="15" type="cond" truecount="2" falsecount="0"/>
        <line num="823" count="15" type="cond" truecount="2" falsecount="0"/>
        <line num="825" count="15" type="stmt"/>
        <line num="839" count="15" type="stmt"/>
        <line num="840" count="15" type="stmt"/>
        <line num="841" count="15" type="stmt"/>
        <line num="842" count="15" type="stmt"/>
        <line num="843" count="15" type="cond" truecount="4" falsecount="0"/>
        <line num="844" count="15" type="cond" truecount="2" falsecount="0"/>
        <line num="846" count="15" type="stmt"/>
        <line num="847" count="15" type="stmt"/>
        <line num="848" count="15" type="stmt"/>
        <line num="849" count="15" type="stmt"/>
        <line num="850" count="15" type="cond" truecount="3" falsecount="0"/>
        <line num="851" count="15" type="cond" truecount="3" falsecount="0"/>
        <line num="852" count="15" type="stmt"/>
        <line num="853" count="15" type="cond" truecount="2" falsecount="0"/>
        <line num="856" count="15" type="cond" truecount="4" falsecount="0"/>
        <line num="857" count="13" type="cond" truecount="1" falsecount="1"/>
        <line num="861" count="15" type="cond" truecount="3" falsecount="1"/>
        <line num="862" count="0" type="stmt"/>
        <line num="863" count="0" type="cond" truecount="0" falsecount="2"/>
        <line num="864" count="0" type="stmt"/>
        <line num="869" count="0" type="stmt"/>
        <line num="876" count="15" type="cond" truecount="2" falsecount="0"/>
        <line num="877" count="15" type="stmt"/>
        <line num="888" count="15" type="cond" truecount="2" falsecount="0"/>
        <line num="889" count="15" type="stmt"/>
        <line num="900" count="15" type="cond" truecount="7" falsecount="0"/>
        <line num="901" count="3" type="cond" truecount="2" falsecount="0"/>
        <line num="902" count="3" type="cond" truecount="4" falsecount="1"/>
        <line num="903" count="3" type="stmt"/>
        <line num="909" count="15" type="cond" truecount="3" falsecount="0"/>
        <line num="910" count="15" type="stmt"/>
        <line num="912" count="15" type="stmt"/>
        <line num="916" count="3" type="stmt"/>
        <line num="917" count="0" type="stmt"/>
        <line num="919" count="0" type="stmt"/>
        <line num="920" count="0" type="cond" truecount="0" falsecount="2"/>
        <line num="921" count="0" type="cond" truecount="0" falsecount="2"/>
        <line num="922" count="0" type="stmt"/>
        <line num="923" count="0" type="cond" truecount="0" falsecount="2"/>
        <line num="924" count="0" type="stmt"/>
        <line num="925" count="0" type="stmt"/>
        <line num="928" count="0" type="stmt"/>
      </file>
    </package>
    <package name="src.builder">
      <metrics statements="92" coveredstatements="64" conditionals="24" coveredconditionals="16" methods="38" coveredmethods="27"/>
      <file name="DespatchBuilder.ts" path="/Users/dlbr/labs/sef/packages/ubl-sdk/src/builder/DespatchBuilder.ts">
        <metrics statements="33" coveredstatements="26" conditionals="8" coveredconditionals="6" methods="14" coveredmethods="11"/>
        <line num="11" count="3" type="stmt"/>
        <line num="17" count="3" type="stmt"/>
        <line num="18" count="3" type="stmt"/>
        <line num="19" count="3" type="stmt"/>
        <line num="20" count="3" type="stmt"/>
        <line num="24" count="3" type="stmt"/>
        <line num="25" count="3" type="stmt"/>
        <line num="29" count="3" type="stmt"/>
        <line num="30" count="3" type="stmt"/>
        <line num="34" count="0" type="stmt"/>
        <line num="35" count="0" type="stmt"/>
        <line num="39" count="1" type="stmt"/>
        <line num="40" count="1" type="stmt"/>
        <line num="44" count="0" type="stmt"/>
        <line num="45" count="0" type="stmt"/>
        <line num="49" count="1" type="stmt"/>
        <line num="50" count="1" type="stmt"/>
        <line num="54" count="0" type="stmt"/>
        <line num="55" count="0" type="stmt"/>
        <line num="59" count="1" type="stmt"/>
        <line num="60" count="1" type="stmt"/>
        <line num="64" count="1" type="stmt"/>
        <line num="65" count="1" type="stmt"/>
        <line num="69" count="3" type="stmt"/>
        <line num="70" count="3" type="stmt"/>
        <line num="74" count="1" type="cond" truecount="1" falsecount="1"/>
        <line num="75" count="1" type="stmt"/>
        <line num="76" count="1" type="stmt"/>
        <line num="80" count="3" type="cond" truecount="5" falsecount="1"/>
        <line num="81" count="0" type="stmt"/>
        <line num="83" count="3" type="stmt"/>
        <line num="87" count="3" type="stmt"/>
        <line num="89" count="3" type="stmt"/>
      </file>
      <file name="InvoiceBuilder.ts" path="/Users/dlbr/labs/sef/packages/ubl-sdk/src/builder/InvoiceBuilder.ts">
        <metrics statements="26" coveredstatements="13" conditionals="8" coveredconditionals="5" methods="10" coveredmethods="5"/>
        <line num="9" count="3" type="stmt"/>
        <line num="15" count="3" type="stmt"/>
        <line num="19" count="3" type="stmt"/>
        <line num="20" count="3" type="stmt"/>
        <line num="21" count="3" type="stmt"/>
        <line num="22" count="3" type="stmt"/>
        <line num="23" count="3" type="stmt"/>
        <line num="27" count="3" type="stmt"/>
        <line num="28" count="3" type="stmt"/>
        <line num="32" count="3" type="stmt"/>
        <line num="33" count="3" type="stmt"/>
        <line num="37" count="0" type="stmt"/>
        <line num="38" count="0" type="stmt"/>
        <line num="42" count="0" type="cond" truecount="0" falsecount="2"/>
        <line num="43" count="0" type="stmt"/>
        <line num="44" count="0" type="stmt"/>
        <line num="48" count="0" type="stmt"/>
        <line num="49" count="0" type="stmt"/>
        <line num="53" count="0" type="stmt"/>
        <line num="54" count="0" type="stmt"/>
        <line num="58" count="0" type="stmt"/>
        <line num="60" count="0" type="stmt"/>
        <line num="61" count="0" type="stmt"/>
        <line num="65" count="3" type="cond" truecount="5" falsecount="1"/>
        <line num="66" count="0" type="stmt"/>
        <line num="68" count="3" type="stmt"/>
      </file>
      <file name="ReceiptBuilder.ts" path="/Users/dlbr/labs/sef/packages/ubl-sdk/src/builder/ReceiptBuilder.ts">
        <metrics statements="33" coveredstatements="25" conditionals="8" coveredconditionals="5" methods="14" coveredmethods="11"/>
        <line num="10" count="1" type="stmt"/>
        <line num="16" count="1" type="stmt"/>
        <line num="17" count="1" type="stmt"/>
        <line num="18" count="1" type="stmt"/>
        <line num="19" count="1" type="stmt"/>
        <line num="23" count="1" type="stmt"/>
        <line num="24" count="1" type="stmt"/>
        <line num="28" count="1" type="stmt"/>
        <line num="29" count="1" type="stmt"/>
        <line num="33" count="1" type="stmt"/>
        <line num="34" count="1" type="stmt"/>
        <line num="38" count="0" type="stmt"/>
        <line num="39" count="0" type="stmt"/>
        <line num="43" count="1" type="stmt"/>
        <line num="44" count="1" type="stmt"/>
        <line num="48" count="0" type="stmt"/>
        <line num="49" count="0" type="stmt"/>
        <line num="53" count="1" type="stmt"/>
        <line num="54" count="1" type="stmt"/>
        <line num="58" count="1" type="stmt"/>
        <line num="59" count="1" type="stmt"/>
        <line num="63" count="1" type="stmt"/>
        <line num="64" count="1" type="stmt"/>
        <line num="68" count="1" type="stmt"/>
        <line num="69" count="1" type="stmt"/>
        <line num="73" count="0" type="cond" truecount="0" falsecount="2"/>
        <line num="74" count="0" type="stmt"/>
        <line num="75" count="0" type="stmt"/>
        <line num="79" count="1" type="cond" truecount="5" falsecount="1"/>
        <line num="80" count="0" type="stmt"/>
        <line num="82" count="1" type="stmt"/>
        <line num="86" count="1" type="stmt"/>
        <line num="87" count="1" type="stmt"/>
      </file>
    </package>
    <package name="src.core">
      <metrics statements="3" coveredstatements="0" conditionals="0" coveredconditionals="0" methods="1" coveredmethods="0"/>
      <file name="SchemaProvider.ts" path="/Users/dlbr/labs/sef/packages/ubl-sdk/src/core/SchemaProvider.ts">
        <metrics statements="0" coveredstatements="0" conditionals="0" coveredconditionals="0" methods="0" coveredmethods="0"/>
      </file>
      <file name="UBLValidationError.ts" path="/Users/dlbr/labs/sef/packages/ubl-sdk/src/core/UBLValidationError.ts">
        <metrics statements="3" coveredstatements="0" conditionals="0" coveredconditionals="0" methods="1" coveredmethods="0"/>
        <line num="2" count="0" type="stmt"/>
        <line num="3" count="0" type="stmt"/>
        <line num="4" count="0" type="stmt"/>
      </file>
    </package>
    <package name="src.models">
      <metrics statements="0" coveredstatements="0" conditionals="0" coveredconditionals="0" methods="0" coveredmethods="0"/>
      <file name="DespatchAdvice.ts" path="/Users/dlbr/labs/sef/packages/ubl-sdk/src/models/DespatchAdvice.ts">
        <metrics statements="0" coveredstatements="0" conditionals="0" coveredconditionals="0" methods="0" coveredmethods="0"/>
      </file>
      <file name="Invoice.ts" path="/Users/dlbr/labs/sef/packages/ubl-sdk/src/models/Invoice.ts">
        <metrics statements="0" coveredstatements="0" conditionals="0" coveredconditionals="0" methods="0" coveredmethods="0"/>
      </file>
      <file name="ReceiptAdvice.ts" path="/Users/dlbr/labs/sef/packages/ubl-sdk/src/models/ReceiptAdvice.ts">
        <metrics statements="0" coveredstatements="0" conditionals="0" coveredconditionals="0" methods="0" coveredmethods="0"/>
      </file>
    </package>
    <package name="src.services">
      <metrics statements="32" coveredstatements="15" conditionals="30" coveredconditionals="8" methods="9" coveredmethods="8"/>
      <file name="PoreskiJsonBuilder.ts" path="/Users/dlbr/labs/sef/packages/ubl-sdk/src/services/PoreskiJsonBuilder.ts">
        <metrics statements="16" coveredstatements="0" conditionals="21" coveredconditionals="0" methods="4" coveredmethods="4"/>
        <line num="6" count="0" type="stmt"/>
        <line num="7" count="0" type="cond" truecount="0" falsecount="2"/>
        <line num="11" count="0" type="stmt"/>
        <line num="12" count="0" type="stmt"/>
        <line num="22" count="0" type="stmt"/>
        <line num="23" count="0" type="cond" truecount="0" falsecount="2"/>
        <line num="25" count="0" type="stmt"/>
        <line num="36" count="0" type="cond" truecount="0" falsecount="2"/>
        <line num="37" count="0" type="stmt"/>
        <line num="39" count="0" type="cond" truecount="0" falsecount="4"/>
        <line num="40" count="0" type="stmt"/>
        <line num="42" count="0" type="cond" truecount="0" falsecount="4"/>
        <line num="43" count="0" type="stmt"/>
        <line num="47" count="0" type="stmt"/>
        <line num="51" count="0" type="cond" truecount="0" falsecount="2"/>
        <line num="52" count="0" type="stmt"/>
      </file>
      <file name="TaxCalculator.ts" path="/Users/dlbr/labs/sef/packages/ubl-sdk/src/services/TaxCalculator.ts">
        <metrics statements="16" coveredstatements="15" conditionals="9" coveredconditionals="8" methods="5" coveredmethods="4"/>
        <line num="15" count="10" type="stmt"/>
        <line num="17" count="10" type="stmt"/>
        <line num="18" count="12" type="stmt"/>
        <line num="23" count="12" type="cond" truecount="2" falsecount="0"/>
        <line num="26" count="12" type="stmt"/>
        <line num="27" count="12" type="cond" truecount="2" falsecount="0"/>
        <line num="30" count="12" type="cond" truecount="1" falsecount="1"/>
        <line num="32" count="12" type="stmt"/>
        <line num="34" count="12" type="cond" truecount="2" falsecount="0"/>
        <line num="35" count="10" type="stmt"/>
        <line num="43" count="12" type="stmt"/>
        <line num="44" count="12" type="stmt"/>
        <line num="45" count="12" type="stmt"/>
        <line num="48" count="10" type="stmt"/>
        <line num="52" count="10" type="stmt"/>
        <line num="56" count="0" type="stmt"/>
      </file>
    </package>
    <package name="src.transformer">
      <metrics statements="146" coveredstatements="141" conditionals="239" coveredconditionals="186" methods="17" coveredmethods="15"/>
      <file name="XmlTransformer.ts" path="/Users/dlbr/labs/sef/packages/ubl-sdk/src/transformer/XmlTransformer.ts">
        <metrics statements="146" coveredstatements="141" conditionals="239" coveredconditionals="186" methods="17" coveredmethods="15"/>
        <line num="14" count="1" type="stmt"/>
        <line num="17" count="1" type="stmt"/>
        <line num="18" count="1" type="stmt"/>
        <line num="20" count="1" type="cond" truecount="1" falsecount="1"/>
        <line num="21" count="1" type="stmt"/>
        <line num="23" count="1" type="cond" truecount="1" falsecount="1"/>
        <line num="24" count="0" type="stmt"/>
        <line num="26" count="1" type="cond" truecount="1" falsecount="1"/>
        <line num="27" count="0" type="stmt"/>
        <line num="29" count="1" type="cond" truecount="1" falsecount="1"/>
        <line num="30" count="0" type="stmt"/>
        <line num="33" count="1" type="cond" truecount="2" falsecount="2"/>
        <line num="34" count="1" type="stmt"/>
        <line num="35" count="1" type="cond" truecount="1" falsecount="1"/>
        <line num="36" count="1" type="stmt"/>
        <line num="38" count="1" type="cond" truecount="1" falsecount="1"/>
        <line num="39" count="1" type="stmt"/>
        <line num="41" count="1" type="stmt"/>
        <line num="45" count="1" type="cond" truecount="1" falsecount="1"/>
        <line num="46" count="0" type="cond" truecount="0" falsecount="2"/>
        <line num="49" count="1" type="stmt"/>
        <line num="59" count="1" type="stmt"/>
        <line num="60" count="1" type="stmt"/>
        <line num="61" count="1" type="stmt"/>
        <line num="62" count="1" type="cond" truecount="3" falsecount="1"/>
        <line num="63" count="1" type="stmt"/>
        <line num="65" count="1" type="cond" truecount="1" falsecount="1"/>
        <line num="66" count="1" type="stmt"/>
        <line num="67" count="1" type="stmt"/>
        <line num="68" count="1" type="stmt"/>
        <line num="70" count="1" type="cond" truecount="1" falsecount="1"/>
        <line num="81" count="1" type="cond" truecount="1" falsecount="1"/>
        <line num="87" count="1" type="stmt"/>
        <line num="88" count="1" type="stmt"/>
        <line num="90" count="1" type="stmt"/>
        <line num="122" count="1" type="stmt"/>
        <line num="123" count="1" type="cond" truecount="1" falsecount="1"/>
        <line num="124" count="1" type="cond" truecount="2" falsecount="0"/>
        <line num="125" count="1" type="cond" truecount="1" falsecount="1"/>
        <line num="126" count="1" type="cond" truecount="1" falsecount="1"/>
        <line num="128" count="1" type="stmt"/>
        <line num="129" count="1" type="cond" truecount="1" falsecount="1"/>
        <line num="130" count="1" type="stmt"/>
        <line num="132" count="1" type="cond" truecount="1" falsecount="1"/>
        <line num="133" count="1" type="stmt"/>
        <line num="134" count="1" type="stmt"/>
        <line num="138" count="1" type="stmt"/>
        <line num="151" count="1" type="stmt"/>
        <line num="170" count="3" type="stmt"/>
        <line num="173" count="3" type="stmt"/>
        <line num="174" count="3" type="stmt"/>
        <line num="176" count="3" type="cond" truecount="2" falsecount="0"/>
        <line num="177" count="1" type="stmt"/>
        <line num="179" count="3" type="cond" truecount="1" falsecount="1"/>
        <line num="180" count="0" type="stmt"/>
        <line num="182" count="3" type="cond" truecount="2" falsecount="0"/>
        <line num="183" count="1" type="stmt"/>
        <line num="185" count="3" type="cond" truecount="2" falsecount="0"/>
        <line num="186" count="1" type="stmt"/>
        <line num="190" count="3" type="cond" truecount="2" falsecount="0"/>
        <line num="191" count="2" type="cond" truecount="2" falsecount="0"/>
        <line num="194" count="3" type="stmt"/>
        <line num="204" count="3" type="stmt"/>
        <line num="205" count="3" type="stmt"/>
        <line num="206" count="3" type="stmt"/>
        <line num="207" count="3" type="cond" truecount="2" falsecount="2"/>
        <line num="209" count="3" type="cond" truecount="1" falsecount="1"/>
        <line num="210" count="3" type="stmt"/>
        <line num="211" count="3" type="stmt"/>
        <line num="212" count="3" type="stmt"/>
        <line num="214" count="3" type="cond" truecount="1" falsecount="1"/>
        <line num="220" count="3" type="stmt"/>
        <line num="221" count="3" type="stmt"/>
        <line num="223" count="3" type="cond" truecount="3" falsecount="1"/>
        <line num="225" count="3" type="stmt"/>
        <line num="275" count="3" type="stmt"/>
        <line num="276" count="3" type="stmt"/>
        <line num="277" count="3" type="cond" truecount="2" falsecount="0"/>
        <line num="278" count="1" type="stmt"/>
        <line num="280" count="3" type="cond" truecount="2" falsecount="0"/>
        <line num="281" count="1" type="stmt"/>
        <line num="282" count="1" type="stmt"/>
        <line num="286" count="3" type="stmt"/>
        <line num="297" count="3" type="stmt"/>
        <line num="315" count="10" type="cond" truecount="1" falsecount="1"/>
        <line num="316" count="10" type="stmt"/>
        <line num="317" count="10" type="stmt"/>
        <line num="318" count="12" type="cond" truecount="2" falsecount="0"/>
        <line num="319" count="10" type="stmt"/>
        <line num="321" count="10" type="cond" truecount="2" falsecount="0"/>
        <line num="322" count="10" type="stmt"/>
        <line num="323" count="10" type="stmt"/>
        <line num="326" count="10" type="stmt"/>
        <line num="329" count="10" type="stmt"/>
        <line num="330" count="10" type="stmt"/>
        <line num="331" count="10" type="cond" truecount="4" falsecount="0"/>
        <line num="333" count="10" type="cond" truecount="2" falsecount="0"/>
        <line num="334" count="10" type="stmt"/>
        <line num="337" count="10" type="cond" truecount="1" falsecount="1"/>
        <line num="339" count="10" type="cond" truecount="1" falsecount="1"/>
        <line num="340" count="10" type="stmt"/>
        <line num="343" count="10" type="cond" truecount="3" falsecount="2"/>
        <line num="351" count="10" type="stmt"/>
        <line num="352" count="10" type="stmt"/>
        <line num="355" count="10" type="cond" truecount="2" falsecount="0"/>
        <line num="366" count="10" type="cond" truecount="2" falsecount="2"/>
        <line num="369" count="10" type="stmt"/>
        <line num="381" count="10" type="cond" truecount="3" falsecount="0"/>
        <line num="382" count="10" type="cond" truecount="2" falsecount="0"/>
        <line num="383" count="10" type="stmt"/>
        <line num="385" count="10" type="cond" truecount="4" falsecount="0"/>
        <line num="386" count="7" type="cond" truecount="2" falsecount="0"/>
        <line num="387" count="7" type="cond" truecount="2" falsecount="0"/>
        <line num="388" count="7" type="stmt"/>
        <line num="389" count="7" type="cond" truecount="2" falsecount="0"/>
        <line num="390" count="7" type="cond" truecount="2" falsecount="0"/>
        <line num="392" count="7" type="cond" truecount="2" falsecount="0"/>
        <line num="393" count="1" type="stmt"/>
        <line num="397" count="6" type="stmt"/>
        <line num="407" count="10" type="stmt"/>
        <line num="408" count="10" type="cond" truecount="2" falsecount="0"/>
        <line num="409" count="10" type="cond" truecount="2" falsecount="0"/>
        <line num="414" count="10" type="stmt"/>
        <line num="416" count="10" type="stmt"/>
        <line num="438" count="10" type="cond" truecount="2" falsecount="0"/>
        <line num="441" count="3" type="stmt"/>
        <line num="444" count="3" type="stmt"/>
        <line num="445" count="3" type="stmt"/>
        <line num="447" count="3" type="stmt"/>
        <line num="448" count="3" type="stmt"/>
        <line num="449" count="3" type="stmt"/>
        <line num="451" count="3" type="stmt"/>
        <line num="500" count="28" type="cond" truecount="1" falsecount="1"/>
        <line num="504" count="28" type="stmt"/>
        <line num="526" count="10" type="stmt"/>
        <line num="537" count="10" type="stmt"/>
        <line num="545" count="6" type="cond" truecount="2" falsecount="0"/>
        <line num="546" count="6" type="stmt"/>
        <line num="547" count="6" type="stmt"/>
        <line num="557" count="4" type="stmt"/>
        <line num="567" count="10" type="cond" truecount="2" falsecount="0"/>
        <line num="568" count="10" type="cond" truecount="2" falsecount="0"/>
        <line num="570" count="10" type="stmt"/>
        <line num="571" count="12" type="cond" truecount="2" falsecount="0"/>
        <line num="572" count="12" type="cond" truecount="1" falsecount="1"/>
        <line num="573" count="12" type="stmt"/>
      </file>
    </package>
  </project>
</coverage>
