{"/Users/dlbr/labs/sef/packages/ubl-sdk/src/SefUblBuilder.ts": {"path":"/Users/dlbr/labs/sef/packages/ubl-sdk/src/SefUblBuilder.ts","statementMap":{"0":{"start":{"line":24,"column":4},"end":{"line":30,"column":null}},"1":{"start":{"line":25,"column":6},"end":{"line":29,"column":null}},"2":{"start":{"line":26,"column":8},"end":{"line":26,"column":null}},"3":{"start":{"line":28,"column":8},"end":{"line":28,"column":null}},"4":{"start":{"line":32,"column":14},"end":{"line":32,"column":null}},"5":{"start":{"line":34,"column":29},"end":{"line":82,"column":null}},"6":{"start":{"line":66,"column":45},"end":{"line":75,"column":8}},"7":{"start":{"line":79,"column":53},"end":{"line":79,"column":86}},"8":{"start":{"line":84,"column":4},"end":{"line":84,"column":null}},"9":{"start":{"line":87,"column":38},"end":{"line":87,"column":94}},"10":{"start":{"line":88,"column":35},"end":{"line":88,"column":91}},"11":{"start":{"line":89,"column":37},"end":{"line":89,"column":93}},"12":{"start":{"line":90,"column":37},"end":{"line":90,"column":93}},"13":{"start":{"line":91,"column":44},"end":{"line":91,"column":100}},"14":{"start":{"line":92,"column":43},"end":{"line":92,"column":99}},"15":{"start":{"line":93,"column":45},"end":{"line":93,"column":101}},"16":{"start":{"line":94,"column":39},"end":{"line":94,"column":95}},"17":{"start":{"line":95,"column":48},"end":{"line":95,"column":104}}},"fnMap":{"0":{"name":"(anonymous_0)","decl":{"start":{"line":22,"column":9},"end":{"line":22,"column":15}},"loc":{"start":{"line":22,"column":34},"end":{"line":85,"column":null}},"line":22},"1":{"name":"(anonymous_1)","decl":{"start":{"line":66,"column":32},"end":{"line":66,"column":33}},"loc":{"start":{"line":66,"column":45},"end":{"line":75,"column":8}},"line":66},"2":{"name":"(anonymous_2)","decl":{"start":{"line":79,"column":36},"end":{"line":79,"column":37}},"loc":{"start":{"line":79,"column":53},"end":{"line":79,"column":86}},"line":79},"3":{"name":"(anonymous_3)","decl":{"start":{"line":87,"column":9},"end":{"line":87,"column":25}},"loc":{"start":{"line":87,"column":36},"end":{"line":87,"column":null}},"line":87},"4":{"name":"(anonymous_4)","decl":{"start":{"line":88,"column":9},"end":{"line":88,"column":22}},"loc":{"start":{"line":88,"column":33},"end":{"line":88,"column":null}},"line":88},"5":{"name":"(anonymous_5)","decl":{"start":{"line":89,"column":9},"end":{"line":89,"column":24}},"loc":{"start":{"line":89,"column":35},"end":{"line":89,"column":null}},"line":89},"6":{"name":"(anonymous_6)","decl":{"start":{"line":90,"column":9},"end":{"line":90,"column":24}},"loc":{"start":{"line":90,"column":35},"end":{"line":90,"column":null}},"line":90},"7":{"name":"(anonymous_7)","decl":{"start":{"line":91,"column":9},"end":{"line":91,"column":31}},"loc":{"start":{"line":91,"column":42},"end":{"line":91,"column":null}},"line":91},"8":{"name":"(anonymous_8)","decl":{"start":{"line":92,"column":9},"end":{"line":92,"column":30}},"loc":{"start":{"line":92,"column":41},"end":{"line":92,"column":null}},"line":92},"9":{"name":"(anonymous_9)","decl":{"start":{"line":93,"column":9},"end":{"line":93,"column":32}},"loc":{"start":{"line":93,"column":43},"end":{"line":93,"column":null}},"line":93},"10":{"name":"(anonymous_10)","decl":{"start":{"line":94,"column":9},"end":{"line":94,"column":26}},"loc":{"start":{"line":94,"column":37},"end":{"line":94,"column":null}},"line":94},"11":{"name":"(anonymous_11)","decl":{"start":{"line":95,"column":9},"end":{"line":95,"column":35}},"loc":{"start":{"line":95,"column":46},"end":{"line":95,"column":null}},"line":95}},"branchMap":{"0":{"loc":{"start":{"line":24,"column":4},"end":{"line":30,"column":null}},"type":"if","locations":[{"start":{"line":24,"column":4},"end":{"line":30,"column":null}},{"start":{},"end":{}}],"line":24},"1":{"loc":{"start":{"line":24,"column":8},"end":{"line":24,"column":72}},"type":"binary-expr","locations":[{"start":{"line":24,"column":8},"end":{"line":24,"column":17}},{"start":{"line":24,"column":17},"end":{"line":24,"column":45}},{"start":{"line":24,"column":45},"end":{"line":24,"column":72}}],"line":24},"2":{"loc":{"start":{"line":25,"column":6},"end":{"line":29,"column":null}},"type":"if","locations":[{"start":{"line":25,"column":6},"end":{"line":29,"column":null}},{"start":{"line":27,"column":13},"end":{"line":29,"column":null}}],"line":25},"3":{"loc":{"start":{"line":40,"column":16},"end":{"line":40,"column":null}},"type":"binary-expr","locations":[{"start":{"line":40,"column":16},"end":{"line":40,"column":42}},{"start":{"line":40,"column":42},"end":{"line":40,"column":null}}],"line":40},"4":{"loc":{"start":{"line":41,"column":31},"end":{"line":41,"column":109}},"type":"binary-expr","locations":[{"start":{"line":41,"column":31},"end":{"line":41,"column":41}},{"start":{"line":41,"column":41},"end":{"line":41,"column":59}},{"start":{"line":41,"column":59},"end":{"line":41,"column":87}},{"start":{"line":41,"column":87},"end":{"line":41,"column":108}},{"start":{"line":41,"column":108},"end":{"line":41,"column":109}}],"line":41},"5":{"loc":{"start":{"line":48,"column":14},"end":{"line":48,"column":null}},"type":"binary-expr","locations":[{"start":{"line":48,"column":14},"end":{"line":48,"column":32}},{"start":{"line":48,"column":32},"end":{"line":48,"column":null}}],"line":48},"6":{"loc":{"start":{"line":49,"column":17},"end":{"line":49,"column":null}},"type":"binary-expr","locations":[{"start":{"line":49,"column":17},"end":{"line":49,"column":38}},{"start":{"line":49,"column":38},"end":{"line":49,"column":null}}],"line":49},"7":{"loc":{"start":{"line":50,"column":14},"end":{"line":50,"column":null}},"type":"binary-expr","locations":[{"start":{"line":50,"column":14},"end":{"line":50,"column":32}},{"start":{"line":50,"column":32},"end":{"line":50,"column":null}}],"line":50},"8":{"loc":{"start":{"line":51,"column":13},"end":{"line":51,"column":null}},"type":"binary-expr","locations":[{"start":{"line":51,"column":13},"end":{"line":51,"column":30}},{"start":{"line":51,"column":30},"end":{"line":51,"column":null}}],"line":51},"9":{"loc":{"start":{"line":52,"column":21},"end":{"line":52,"column":null}},"type":"binary-expr","locations":[{"start":{"line":52,"column":21},"end":{"line":52,"column":46}},{"start":{"line":52,"column":46},"end":{"line":52,"column":null}}],"line":52},"10":{"loc":{"start":{"line":54,"column":21},"end":{"line":54,"column":null}},"type":"binary-expr","locations":[{"start":{"line":54,"column":21},"end":{"line":54,"column":46}},{"start":{"line":54,"column":46},"end":{"line":54,"column":null}}],"line":54},"11":{"loc":{"start":{"line":58,"column":14},"end":{"line":58,"column":null}},"type":"binary-expr","locations":[{"start":{"line":58,"column":14},"end":{"line":58,"column":31}},{"start":{"line":58,"column":31},"end":{"line":58,"column":null}}],"line":58},"12":{"loc":{"start":{"line":59,"column":17},"end":{"line":59,"column":null}},"type":"binary-expr","locations":[{"start":{"line":59,"column":17},"end":{"line":59,"column":37}},{"start":{"line":59,"column":37},"end":{"line":59,"column":null}}],"line":59},"13":{"loc":{"start":{"line":60,"column":14},"end":{"line":60,"column":null}},"type":"binary-expr","locations":[{"start":{"line":60,"column":14},"end":{"line":60,"column":31}},{"start":{"line":60,"column":31},"end":{"line":60,"column":null}}],"line":60},"14":{"loc":{"start":{"line":61,"column":13},"end":{"line":61,"column":null}},"type":"binary-expr","locations":[{"start":{"line":61,"column":13},"end":{"line":61,"column":29}},{"start":{"line":61,"column":29},"end":{"line":61,"column":null}}],"line":61},"15":{"loc":{"start":{"line":62,"column":21},"end":{"line":62,"column":null}},"type":"binary-expr","locations":[{"start":{"line":62,"column":21},"end":{"line":62,"column":45}},{"start":{"line":62,"column":45},"end":{"line":62,"column":null}}],"line":62},"16":{"loc":{"start":{"line":72,"column":17},"end":{"line":72,"column":null}},"type":"binary-expr","locations":[{"start":{"line":72,"column":17},"end":{"line":72,"column":41}},{"start":{"line":72,"column":41},"end":{"line":72,"column":null}}],"line":72},"17":{"loc":{"start":{"line":73,"column":22},"end":{"line":73,"column":null}},"type":"binary-expr","locations":[{"start":{"line":73,"column":22},"end":{"line":73,"column":43}},{"start":{"line":73,"column":43},"end":{"line":73,"column":null}}],"line":73},"18":{"loc":{"start":{"line":78,"column":12},"end":{"line":78,"column":null}},"type":"binary-expr","locations":[{"start":{"line":78,"column":12},"end":{"line":78,"column":23}},{"start":{"line":78,"column":23},"end":{"line":78,"column":null}}],"line":78},"19":{"loc":{"start":{"line":79,"column":12},"end":{"line":79,"column":32}},"type":"binary-expr","locations":[{"start":{"line":79,"column":12},"end":{"line":79,"column":28}},{"start":{"line":79,"column":28},"end":{"line":79,"column":32}}],"line":79}},"s":{"0":10,"1":0,"2":0,"3":0,"4":10,"5":10,"6":12,"7":0,"8":10,"9":0,"10":1,"11":2,"12":1,"13":2,"14":1,"15":1,"16":2,"17":0},"f":{"0":2,"1":12,"2":0,"3":2,"4":2,"5":2,"6":2,"7":2,"8":2,"9":2,"10":2,"11":2},"b":{"0":[0,10],"1":[10,10,10],"2":[0,0],"3":[10,0],"4":[10,10,10,10,10],"5":[10,0],"6":[10,0],"7":[10,0],"8":[10,0],"9":[10,0],"10":[10,0],"11":[10,0],"12":[10,0],"13":[10,0],"14":[10,0],"15":[10,0],"16":[12,0],"17":[12,0],"18":[10,10],"19":[10,10]},"meta":{"lastBranch":20,"lastFunction":12,"lastStatement":18,"seen":{"f:22:9:22:15":0,"b:24:4:30:Infinity:undefined:undefined:undefined:undefined":0,"s:24:4:30:Infinity":0,"b:24:8:24:17:24:17:24:45:24:45:24:72":1,"b:25:6:29:Infinity:27:13:29:Infinity":2,"s:25:6:29:Infinity":1,"s:26:8:26:Infinity":2,"s:28:8:28:Infinity":3,"s:32:14:32:Infinity":4,"s:34:29:82:Infinity":5,"b:40:16:40:42:40:42:40:Infinity":3,"b:41:31:41:41:41:41:41:59:41:59:41:87:41:87:41:108:41:108:41:109":4,"b:48:14:48:32:48:32:48:Infinity":5,"b:49:17:49:38:49:38:49:Infinity":6,"b:50:14:50:32:50:32:50:Infinity":7,"b:51:13:51:30:51:30:51:Infinity":8,"b:52:21:52:46:52:46:52:Infinity":9,"b:54:21:54:46:54:46:54:Infinity":10,"b:58:14:58:31:58:31:58:Infinity":11,"b:59:17:59:37:59:37:59:Infinity":12,"b:60:14:60:31:60:31:60:Infinity":13,"b:61:13:61:29:61:29:61:Infinity":14,"b:62:21:62:45:62:45:62:Infinity":15,"f:66:32:66:33":1,"s:66:45:75:8":6,"b:72:17:72:41:72:41:72:Infinity":16,"b:73:22:73:43:73:43:73:Infinity":17,"b:78:12:78:23:78:23:78:Infinity":18,"b:79:12:79:28:79:28:79:32":19,"f:79:36:79:37":2,"s:79:53:79:86":7,"s:84:4:84:Infinity":8,"f:87:9:87:25":3,"s:87:38:87:94":9,"f:88:9:88:22":4,"s:88:35:88:91":10,"f:89:9:89:24":5,"s:89:37:89:93":11,"f:90:9:90:24":6,"s:90:37:90:93":12,"f:91:9:91:31":7,"s:91:44:91:100":13,"f:92:9:92:30":8,"s:92:43:92:99":14,"f:93:9:93:32":9,"s:93:45:93:101":15,"f:94:9:94:26":10,"s:94:39:94:95":16,"f:95:9:95:35":11,"s:95:48:95:104":17}}}
,"/Users/dlbr/labs/sef/packages/ubl-sdk/src/constants.ts": {"path":"/Users/dlbr/labs/sef/packages/ubl-sdk/src/constants.ts","statementMap":{"0":{"start":{"line":5,"column":29},"end":{"line":21,"column":null}},"1":{"start":{"line":23,"column":37},"end":{"line":31,"column":null}},"2":{"start":{"line":33,"column":29},"end":{"line":35,"column":null}}},"fnMap":{},"branchMap":{},"s":{"0":6,"1":6,"2":6},"f":{},"b":{},"meta":{"lastBranch":0,"lastFunction":0,"lastStatement":3,"seen":{"s:5:29:21:Infinity":0,"s:23:37:31:Infinity":1,"s:33:29:35:Infinity":2}}}
,"/Users/dlbr/labs/sef/packages/ubl-sdk/src/index.ts": {"path":"/Users/dlbr/labs/sef/packages/ubl-sdk/src/index.ts","statementMap":{},"fnMap":{},"branchMap":{},"s":{},"f":{},"b":{},"meta":{"lastBranch":0,"lastFunction":0,"lastStatement":0,"seen":{}}}
,"/Users/dlbr/labs/sef/packages/ubl-sdk/src/validator.ts": {"path":"/Users/dlbr/labs/sef/packages/ubl-sdk/src/validator.ts","statementMap":{"0":{"start":{"line":5,"column":33},"end":{"line":8,"column":null}},"1":{"start":{"line":7,"column":24},"end":{"line":7,"column":42}},"2":{"start":{"line":10,"column":38},"end":{"line":16,"column":null}},"3":{"start":{"line":15,"column":26},"end":{"line":15,"column":80}},"4":{"start":{"line":18,"column":30},"end":{"line":32,"column":null}},"5":{"start":{"line":30,"column":26},"end":{"line":30,"column":55}},"6":{"start":{"line":31,"column":11},"end":{"line":31,"column":62}},"7":{"start":{"line":47,"column":2},"end":{"line":47,"column":null}},"8":{"start":{"line":47,"column":28},"end":{"line":47,"column":null}},"9":{"start":{"line":48,"column":13},"end":{"line":48,"column":null}},"10":{"start":{"line":49,"column":2},"end":{"line":52,"column":null}},"11":{"start":{"line":49,"column":15},"end":{"line":49,"column":18}},"12":{"start":{"line":50,"column":4},"end":{"line":50,"column":null}},"13":{"start":{"line":51,"column":4},"end":{"line":51,"column":null}},"14":{"start":{"line":53,"column":2},"end":{"line":53,"column":null}},"15":{"start":{"line":66,"column":2},"end":{"line":66,"column":null}},"16":{"start":{"line":66,"column":46},"end":{"line":66,"column":null}},"17":{"start":{"line":67,"column":11},"end":{"line":67,"column":null}},"18":{"start":{"line":68,"column":17},"end":{"line":68,"column":null}},"19":{"start":{"line":69,"column":2},"end":{"line":72,"column":null}},"20":{"start":{"line":69,"column":15},"end":{"line":69,"column":18}},"21":{"start":{"line":70,"column":4},"end":{"line":70,"column":null}},"22":{"start":{"line":71,"column":4},"end":{"line":71,"column":null}},"23":{"start":{"line":73,"column":21},"end":{"line":73,"column":null}},"24":{"start":{"line":74,"column":2},"end":{"line":74,"column":null}},"25":{"start":{"line":85,"column":2},"end":{"line":85,"column":null}},"26":{"start":{"line":85,"column":14},"end":{"line":85,"column":null}},"27":{"start":{"line":86,"column":12},"end":{"line":86,"column":null}},"28":{"start":{"line":89,"column":2},"end":{"line":89,"column":null}},"29":{"start":{"line":92,"column":2},"end":{"line":92,"column":null}},"30":{"start":{"line":94,"column":2},"end":{"line":94,"column":null}},"31":{"start":{"line":95,"column":2},"end":{"line":95,"column":null}},"32":{"start":{"line":98,"column":2},"end":{"line":98,"column":null}},"33":{"start":{"line":101,"column":2},"end":{"line":101,"column":null}},"34":{"start":{"line":102,"column":2},"end":{"line":102,"column":null}},"35":{"start":{"line":106,"column":2},"end":{"line":112,"column":null}},"36":{"start":{"line":107,"column":4},"end":{"line":107,"column":null}},"37":{"start":{"line":109,"column":20},"end":{"line":110,"column":null}},"38":{"start":{"line":111,"column":4},"end":{"line":111,"column":null}},"39":{"start":{"line":111,"column":25},"end":{"line":111,"column":null}},"40":{"start":{"line":115,"column":2},"end":{"line":121,"column":null}},"41":{"start":{"line":116,"column":4},"end":{"line":116,"column":null}},"42":{"start":{"line":118,"column":20},"end":{"line":119,"column":null}},"43":{"start":{"line":120,"column":4},"end":{"line":120,"column":null}},"44":{"start":{"line":120,"column":25},"end":{"line":120,"column":null}},"45":{"start":{"line":124,"column":2},"end":{"line":124,"column":null}},"46":{"start":{"line":127,"column":2},"end":{"line":127,"column":null}},"47":{"start":{"line":130,"column":2},"end":{"line":130,"column":null}},"48":{"start":{"line":133,"column":2},"end":{"line":133,"column":null}},"49":{"start":{"line":136,"column":2},"end":{"line":138,"column":null}},"50":{"start":{"line":137,"column":4},"end":{"line":137,"column":null}},"51":{"start":{"line":141,"column":2},"end":{"line":148,"column":null}},"52":{"start":{"line":142,"column":4},"end":{"line":147,"column":null}},"53":{"start":{"line":151,"column":2},"end":{"line":151,"column":null}},"54":{"start":{"line":151,"column":39},"end":{"line":151,"column":null}},"55":{"start":{"line":154,"column":2},"end":{"line":154,"column":null}},"56":{"start":{"line":154,"column":55},"end":{"line":154,"column":null}},"57":{"start":{"line":157,"column":2},"end":{"line":164,"column":null}},"58":{"start":{"line":158,"column":4},"end":{"line":163,"column":null}},"59":{"start":{"line":158,"column":75},"end":{"line":163,"column":6}},"60":{"start":{"line":166,"column":2},"end":{"line":166,"column":null}},"61":{"start":{"line":176,"column":32},"end":{"line":610,"column":null}},"62":{"start":{"line":289,"column":4},"end":{"line":289,"column":null}},"63":{"start":{"line":289,"column":79},"end":{"line":289,"column":null}},"64":{"start":{"line":290,"column":4},"end":{"line":290,"column":null}},"65":{"start":{"line":304,"column":4},"end":{"line":304,"column":null}},"66":{"start":{"line":304,"column":47},"end":{"line":304,"column":null}},"67":{"start":{"line":305,"column":4},"end":{"line":305,"column":null}},"68":{"start":{"line":305,"column":47},"end":{"line":305,"column":null}},"69":{"start":{"line":306,"column":4},"end":{"line":306,"column":null}},"70":{"start":{"line":313,"column":16},"end":{"line":313,"column":null}},"71":{"start":{"line":314,"column":16},"end":{"line":314,"column":null}},"72":{"start":{"line":315,"column":4},"end":{"line":315,"column":null}},"73":{"start":{"line":315,"column":40},"end":{"line":315,"column":null}},"74":{"start":{"line":316,"column":4},"end":{"line":316,"column":null}},"75":{"start":{"line":316,"column":40},"end":{"line":316,"column":null}},"76":{"start":{"line":317,"column":4},"end":{"line":317,"column":null}},"77":{"start":{"line":322,"column":4},"end":{"line":322,"column":null}},"78":{"start":{"line":322,"column":55},"end":{"line":322,"column":null}},"79":{"start":{"line":323,"column":4},"end":{"line":323,"column":null}},"80":{"start":{"line":328,"column":4},"end":{"line":332,"column":null}},"81":{"start":{"line":329,"column":6},"end":{"line":331,"column":null}},"82":{"start":{"line":330,"column":8},"end":{"line":330,"column":null}},"83":{"start":{"line":330,"column":44},"end":{"line":330,"column":null}},"84":{"start":{"line":333,"column":4},"end":{"line":333,"column":null}},"85":{"start":{"line":337,"column":4},"end":{"line":337,"column":null}},"86":{"start":{"line":337,"column":120},"end":{"line":337,"column":null}},"87":{"start":{"line":338,"column":4},"end":{"line":338,"column":null}},"88":{"start":{"line":343,"column":4},"end":{"line":347,"column":null}},"89":{"start":{"line":344,"column":21},"end":{"line":344,"column":null}},"90":{"start":{"line":345,"column":24},"end":{"line":345,"column":null}},"91":{"start":{"line":346,"column":6},"end":{"line":346,"column":null}},"92":{"start":{"line":346,"column":33},"end":{"line":346,"column":null}},"93":{"start":{"line":348,"column":4},"end":{"line":348,"column":null}},"94":{"start":{"line":355,"column":4},"end":{"line":357,"column":null}},"95":{"start":{"line":356,"column":6},"end":{"line":356,"column":null}},"96":{"start":{"line":358,"column":4},"end":{"line":358,"column":null}},"97":{"start":{"line":363,"column":4},"end":{"line":365,"column":null}},"98":{"start":{"line":364,"column":6},"end":{"line":364,"column":null}},"99":{"start":{"line":364,"column":68},"end":{"line":364,"column":null}},"100":{"start":{"line":366,"column":4},"end":{"line":366,"column":null}},"101":{"start":{"line":371,"column":4},"end":{"line":373,"column":null}},"102":{"start":{"line":372,"column":6},"end":{"line":372,"column":null}},"103":{"start":{"line":372,"column":46},"end":{"line":372,"column":null}},"104":{"start":{"line":374,"column":4},"end":{"line":374,"column":null}},"105":{"start":{"line":379,"column":4},"end":{"line":379,"column":null}},"106":{"start":{"line":379,"column":74},"end":{"line":379,"column":null}},"107":{"start":{"line":380,"column":4},"end":{"line":380,"column":null}},"108":{"start":{"line":385,"column":4},"end":{"line":385,"column":null}},"109":{"start":{"line":385,"column":91},"end":{"line":385,"column":null}},"110":{"start":{"line":386,"column":4},"end":{"line":386,"column":null}},"111":{"start":{"line":391,"column":4},"end":{"line":391,"column":null}},"112":{"start":{"line":391,"column":25},"end":{"line":391,"column":null}},"113":{"start":{"line":392,"column":4},"end":{"line":392,"column":null}},"114":{"start":{"line":397,"column":22},"end":{"line":397,"column":null}},"115":{"start":{"line":398,"column":4},"end":{"line":403,"column":null}},"116":{"start":{"line":399,"column":19},"end":{"line":399,"column":null}},"117":{"start":{"line":400,"column":6},"end":{"line":402,"column":null}},"118":{"start":{"line":401,"column":8},"end":{"line":401,"column":null}},"119":{"start":{"line":401,"column":81},"end":{"line":401,"column":null}},"120":{"start":{"line":404,"column":4},"end":{"line":404,"column":null}},"121":{"start":{"line":409,"column":4},"end":{"line":409,"column":null}},"122":{"start":{"line":409,"column":91},"end":{"line":409,"column":null}},"123":{"start":{"line":410,"column":4},"end":{"line":410,"column":null}},"124":{"start":{"line":415,"column":4},"end":{"line":415,"column":null}},"125":{"start":{"line":415,"column":110},"end":{"line":415,"column":null}},"126":{"start":{"line":416,"column":4},"end":{"line":416,"column":null}},"127":{"start":{"line":421,"column":19},"end":{"line":421,"column":null}},"128":{"start":{"line":422,"column":4},"end":{"line":422,"column":null}},"129":{"start":{"line":422,"column":44},"end":{"line":422,"column":null}},"130":{"start":{"line":423,"column":4},"end":{"line":423,"column":null}},"131":{"start":{"line":427,"column":19},"end":{"line":427,"column":null}},"132":{"start":{"line":428,"column":4},"end":{"line":430,"column":null}},"133":{"start":{"line":429,"column":6},"end":{"line":429,"column":null}},"134":{"start":{"line":429,"column":55},"end":{"line":429,"column":null}},"135":{"start":{"line":431,"column":4},"end":{"line":431,"column":null}},"136":{"start":{"line":442,"column":4},"end":{"line":442,"column":null}},"137":{"start":{"line":442,"column":76},"end":{"line":442,"column":null}},"138":{"start":{"line":443,"column":22},"end":{"line":443,"column":null}},"139":{"start":{"line":444,"column":4},"end":{"line":444,"column":null}},"140":{"start":{"line":444,"column":32},"end":{"line":444,"column":null}},"141":{"start":{"line":445,"column":4},"end":{"line":445,"column":null}},"142":{"start":{"line":445,"column":48},"end":{"line":445,"column":null}},"143":{"start":{"line":446,"column":14},"end":{"line":446,"column":null}},"144":{"start":{"line":447,"column":4},"end":{"line":447,"column":null}},"145":{"start":{"line":447,"column":31},"end":{"line":447,"column":null}},"146":{"start":{"line":448,"column":4},"end":{"line":448,"column":null}},"147":{"start":{"line":448,"column":57},"end":{"line":448,"column":null}},"148":{"start":{"line":449,"column":4},"end":{"line":449,"column":null}},"149":{"start":{"line":456,"column":4},"end":{"line":456,"column":null}},"150":{"start":{"line":456,"column":76},"end":{"line":456,"column":null}},"151":{"start":{"line":457,"column":22},"end":{"line":457,"column":null}},"152":{"start":{"line":458,"column":22},"end":{"line":458,"column":null}},"153":{"start":{"line":459,"column":22},"end":{"line":459,"column":null}},"154":{"start":{"line":460,"column":19},"end":{"line":460,"column":null}},"155":{"start":{"line":462,"column":4},"end":{"line":464,"column":null}},"156":{"start":{"line":463,"column":6},"end":{"line":463,"column":null}},"157":{"start":{"line":463,"column":73},"end":{"line":463,"column":null}},"158":{"start":{"line":467,"column":4},"end":{"line":473,"column":null}},"159":{"start":{"line":468,"column":21},"end":{"line":468,"column":null}},"160":{"start":{"line":469,"column":6},"end":{"line":471,"column":null}},"161":{"start":{"line":470,"column":8},"end":{"line":470,"column":null}},"162":{"start":{"line":472,"column":6},"end":{"line":472,"column":null}},"163":{"start":{"line":472,"column":65},"end":{"line":472,"column":null}},"164":{"start":{"line":475,"column":4},"end":{"line":475,"column":null}},"165":{"start":{"line":480,"column":22},"end":{"line":480,"column":null}},"166":{"start":{"line":481,"column":4},"end":{"line":485,"column":null}},"167":{"start":{"line":482,"column":16},"end":{"line":482,"column":null}},"168":{"start":{"line":483,"column":6},"end":{"line":483,"column":null}},"169":{"start":{"line":483,"column":33},"end":{"line":483,"column":null}},"170":{"start":{"line":484,"column":6},"end":{"line":484,"column":null}},"171":{"start":{"line":484,"column":50},"end":{"line":484,"column":null}},"172":{"start":{"line":486,"column":4},"end":{"line":486,"column":null}},"173":{"start":{"line":492,"column":4},"end":{"line":492,"column":null}},"174":{"start":{"line":492,"column":76},"end":{"line":492,"column":null}},"175":{"start":{"line":493,"column":22},"end":{"line":493,"column":null}},"176":{"start":{"line":494,"column":22},"end":{"line":494,"column":null}},"177":{"start":{"line":495,"column":16},"end":{"line":495,"column":null}},"178":{"start":{"line":496,"column":4},"end":{"line":498,"column":null}},"179":{"start":{"line":497,"column":6},"end":{"line":497,"column":null}},"180":{"start":{"line":497,"column":58},"end":{"line":497,"column":null}},"181":{"start":{"line":499,"column":4},"end":{"line":499,"column":null}},"182":{"start":{"line":504,"column":22},"end":{"line":504,"column":null}},"183":{"start":{"line":505,"column":4},"end":{"line":518,"column":null}},"184":{"start":{"line":506,"column":49},"end":{"line":506,"column":null}},"185":{"start":{"line":507,"column":6},"end":{"line":510,"column":null}},"186":{"start":{"line":508,"column":14},"end":{"line":508,"column":null}},"187":{"start":{"line":509,"column":8},"end":{"line":509,"column":null}},"188":{"start":{"line":511,"column":6},"end":{"line":517,"column":null}},"189":{"start":{"line":512,"column":14},"end":{"line":512,"column":null}},"190":{"start":{"line":513,"column":8},"end":{"line":516,"column":null}},"191":{"start":{"line":514,"column":31},"end":{"line":514,"column":null}},"192":{"start":{"line":515,"column":10},"end":{"line":515,"column":null}},"193":{"start":{"line":515,"column":70},"end":{"line":515,"column":null}},"194":{"start":{"line":519,"column":4},"end":{"line":519,"column":null}},"195":{"start":{"line":524,"column":4},"end":{"line":527,"column":null}},"196":{"start":{"line":526,"column":6},"end":{"line":526,"column":null}},"197":{"start":{"line":526,"column":99},"end":{"line":526,"column":null}},"198":{"start":{"line":528,"column":4},"end":{"line":528,"column":null}},"199":{"start":{"line":535,"column":4},"end":{"line":535,"column":null}},"200":{"start":{"line":535,"column":64},"end":{"line":535,"column":null}},"201":{"start":{"line":536,"column":4},"end":{"line":536,"column":null}},"202":{"start":{"line":541,"column":4},"end":{"line":545,"column":null}},"203":{"start":{"line":542,"column":24},"end":{"line":542,"column":null}},"204":{"start":{"line":543,"column":30},"end":{"line":543,"column":null}},"205":{"start":{"line":544,"column":6},"end":{"line":544,"column":null}},"206":{"start":{"line":544,"column":41},"end":{"line":544,"column":null}},"207":{"start":{"line":546,"column":4},"end":{"line":546,"column":null}},"208":{"start":{"line":551,"column":4},"end":{"line":551,"column":null}},"209":{"start":{"line":551,"column":116},"end":{"line":551,"column":null}},"210":{"start":{"line":552,"column":4},"end":{"line":552,"column":null}},"211":{"start":{"line":556,"column":4},"end":{"line":556,"column":null}},"212":{"start":{"line":556,"column":52},"end":{"line":556,"column":null}},"213":{"start":{"line":557,"column":4},"end":{"line":557,"column":null}},"214":{"start":{"line":562,"column":4},"end":{"line":564,"column":null}},"215":{"start":{"line":563,"column":6},"end":{"line":563,"column":null}},"216":{"start":{"line":565,"column":4},"end":{"line":565,"column":null}},"217":{"start":{"line":570,"column":4},"end":{"line":575,"column":null}},"218":{"start":{"line":571,"column":6},"end":{"line":574,"column":null}},"219":{"start":{"line":572,"column":24},"end":{"line":572,"column":null}},"220":{"start":{"line":573,"column":8},"end":{"line":573,"column":null}},"221":{"start":{"line":573,"column":52},"end":{"line":573,"column":null}},"222":{"start":{"line":576,"column":4},"end":{"line":576,"column":null}},"223":{"start":{"line":580,"column":4},"end":{"line":580,"column":null}},"224":{"start":{"line":580,"column":113},"end":{"line":580,"column":null}},"225":{"start":{"line":581,"column":4},"end":{"line":581,"column":null}},"226":{"start":{"line":585,"column":18},"end":{"line":585,"column":null}},"227":{"start":{"line":586,"column":4},"end":{"line":586,"column":null}},"228":{"start":{"line":586,"column":53},"end":{"line":586,"column":null}},"229":{"start":{"line":587,"column":4},"end":{"line":587,"column":null}},"230":{"start":{"line":591,"column":24},"end":{"line":591,"column":null}},"231":{"start":{"line":592,"column":4},"end":{"line":592,"column":null}},"232":{"start":{"line":592,"column":62},"end":{"line":592,"column":null}},"233":{"start":{"line":593,"column":4},"end":{"line":593,"column":null}},"234":{"start":{"line":598,"column":19},"end":{"line":598,"column":null}},"235":{"start":{"line":599,"column":4},"end":{"line":601,"column":null}},"236":{"start":{"line":600,"column":6},"end":{"line":600,"column":null}},"237":{"start":{"line":602,"column":4},"end":{"line":602,"column":null}},"238":{"start":{"line":607,"column":4},"end":{"line":607,"column":null}},"239":{"start":{"line":607,"column":66},"end":{"line":607,"column":null}},"240":{"start":{"line":608,"column":4},"end":{"line":608,"column":null}},"241":{"start":{"line":624,"column":4},"end":{"line":626,"column":null}},"242":{"start":{"line":625,"column":6},"end":{"line":625,"column":null}},"243":{"start":{"line":629,"column":23},"end":{"line":629,"column":null}},"244":{"start":{"line":632,"column":4},"end":{"line":634,"column":null}},"245":{"start":{"line":633,"column":6},"end":{"line":633,"column":null}},"246":{"start":{"line":637,"column":4},"end":{"line":639,"column":null}},"247":{"start":{"line":638,"column":6},"end":{"line":638,"column":null}},"248":{"start":{"line":642,"column":19},"end":{"line":642,"column":null}},"249":{"start":{"line":643,"column":4},"end":{"line":646,"column":null}},"250":{"start":{"line":644,"column":6},"end":{"line":644,"column":null}},"251":{"start":{"line":645,"column":6},"end":{"line":645,"column":null}},"252":{"start":{"line":647,"column":4},"end":{"line":647,"column":null}},"253":{"start":{"line":652,"column":21},"end":{"line":652,"column":null}},"254":{"start":{"line":653,"column":4},"end":{"line":655,"column":null}},"255":{"start":{"line":654,"column":6},"end":{"line":654,"column":null}},"256":{"start":{"line":659,"column":4},"end":{"line":666,"column":null}},"257":{"start":{"line":660,"column":25},"end":{"line":660,"column":null}},"258":{"start":{"line":661,"column":25},"end":{"line":661,"column":null}},"259":{"start":{"line":663,"column":6},"end":{"line":665,"column":null}},"260":{"start":{"line":664,"column":8},"end":{"line":664,"column":null}},"261":{"start":{"line":669,"column":21},"end":{"line":669,"column":null}},"262":{"start":{"line":670,"column":4},"end":{"line":672,"column":null}},"263":{"start":{"line":671,"column":6},"end":{"line":671,"column":null}},"264":{"start":{"line":676,"column":22},"end":{"line":676,"column":null}},"265":{"start":{"line":679,"column":4},"end":{"line":679,"column":null}},"266":{"start":{"line":679,"column":38},"end":{"line":679,"column":93}},"267":{"start":{"line":687,"column":23},"end":{"line":687,"column":null}},"268":{"start":{"line":688,"column":4},"end":{"line":690,"column":null}},"269":{"start":{"line":689,"column":6},"end":{"line":689,"column":null}},"270":{"start":{"line":694,"column":4},"end":{"line":696,"column":null}},"271":{"start":{"line":695,"column":6},"end":{"line":695,"column":null}},"272":{"start":{"line":698,"column":4},"end":{"line":698,"column":null}},"273":{"start":{"line":710,"column":2},"end":{"line":710,"column":null}},"274":{"start":{"line":710,"column":14},"end":{"line":710,"column":null}},"275":{"start":{"line":713,"column":17},"end":{"line":713,"column":null}},"276":{"start":{"line":716,"column":2},"end":{"line":718,"column":null}},"277":{"start":{"line":717,"column":4},"end":{"line":717,"column":null}},"278":{"start":{"line":721,"column":2},"end":{"line":723,"column":null}},"279":{"start":{"line":722,"column":4},"end":{"line":722,"column":null}},"280":{"start":{"line":726,"column":19},"end":{"line":726,"column":null}},"281":{"start":{"line":727,"column":2},"end":{"line":781,"column":null}},"282":{"start":{"line":728,"column":19},"end":{"line":738,"column":null}},"283":{"start":{"line":739,"column":4},"end":{"line":742,"column":null}},"284":{"start":{"line":740,"column":22},"end":{"line":740,"column":null}},"285":{"start":{"line":741,"column":6},"end":{"line":741,"column":null}},"286":{"start":{"line":743,"column":18},"end":{"line":743,"column":null}},"287":{"start":{"line":744,"column":30},"end":{"line":744,"column":null}},"288":{"start":{"line":746,"column":4},"end":{"line":755,"column":null}},"289":{"start":{"line":757,"column":4},"end":{"line":769,"column":null}},"290":{"start":{"line":758,"column":22},"end":{"line":758,"column":null}},"291":{"start":{"line":759,"column":26},"end":{"line":759,"column":null}},"292":{"start":{"line":760,"column":6},"end":{"line":768,"column":null}},"293":{"start":{"line":771,"column":4},"end":{"line":780,"column":null}},"294":{"start":{"line":771,"column":65},"end":{"line":780,"column":6}},"295":{"start":{"line":784,"column":23},"end":{"line":784,"column":null}},"296":{"start":{"line":785,"column":2},"end":{"line":836,"column":null}},"297":{"start":{"line":786,"column":4},"end":{"line":796,"column":null}},"298":{"start":{"line":786,"column":53},"end":{"line":796,"column":6}},"299":{"start":{"line":789,"column":69},"end":{"line":795,"column":8}},"300":{"start":{"line":799,"column":19},"end":{"line":809,"column":null}},"301":{"start":{"line":810,"column":4},"end":{"line":813,"column":null}},"302":{"start":{"line":811,"column":22},"end":{"line":811,"column":null}},"303":{"start":{"line":812,"column":6},"end":{"line":812,"column":null}},"304":{"start":{"line":814,"column":16},"end":{"line":821,"column":null}},"305":{"start":{"line":822,"column":18},"end":{"line":822,"column":null}},"306":{"start":{"line":823,"column":30},"end":{"line":823,"column":null}},"307":{"start":{"line":825,"column":4},"end":{"line":835,"column":null}},"308":{"start":{"line":839,"column":19},"end":{"line":839,"column":null}},"309":{"start":{"line":840,"column":14},"end":{"line":840,"column":null}},"310":{"start":{"line":841,"column":19},"end":{"line":841,"column":null}},"311":{"start":{"line":841,"column":70},"end":{"line":841,"column":93}},"312":{"start":{"line":842,"column":20},"end":{"line":842,"column":null}},"313":{"start":{"line":843,"column":18},"end":{"line":843,"column":null}},"314":{"start":{"line":844,"column":15},"end":{"line":844,"column":null}},"315":{"start":{"line":846,"column":2},"end":{"line":846,"column":null}},"316":{"start":{"line":847,"column":2},"end":{"line":847,"column":null}},"317":{"start":{"line":848,"column":2},"end":{"line":848,"column":null}},"318":{"start":{"line":849,"column":2},"end":{"line":849,"column":null}},"319":{"start":{"line":850,"column":2},"end":{"line":850,"column":null}},"320":{"start":{"line":851,"column":2},"end":{"line":851,"column":null}},"321":{"start":{"line":852,"column":2},"end":{"line":852,"column":null}},"322":{"start":{"line":853,"column":2},"end":{"line":853,"column":null}},"323":{"start":{"line":856,"column":2},"end":{"line":858,"column":null}},"324":{"start":{"line":857,"column":4},"end":{"line":857,"column":null}},"325":{"start":{"line":861,"column":2},"end":{"line":873,"column":null}},"326":{"start":{"line":862,"column":23},"end":{"line":862,"column":null}},"327":{"start":{"line":863,"column":4},"end":{"line":872,"column":null}},"328":{"start":{"line":864,"column":6},"end":{"line":871,"column":null}},"329":{"start":{"line":869,"column":59},"end":{"line":869,"column":68}},"330":{"start":{"line":876,"column":17},"end":{"line":876,"column":null}},"331":{"start":{"line":877,"column":2},"end":{"line":886,"column":null}},"332":{"start":{"line":888,"column":16},"end":{"line":888,"column":null}},"333":{"start":{"line":889,"column":2},"end":{"line":897,"column":null}},"334":{"start":{"line":900,"column":2},"end":{"line":907,"column":null}},"335":{"start":{"line":901,"column":20},"end":{"line":901,"column":null}},"336":{"start":{"line":902,"column":19},"end":{"line":902,"column":null}},"337":{"start":{"line":903,"column":4},"end":{"line":906,"column":null}},"338":{"start":{"line":909,"column":2},"end":{"line":909,"column":null}},"339":{"start":{"line":910,"column":2},"end":{"line":910,"column":null}},"340":{"start":{"line":912,"column":2},"end":{"line":912,"column":null}},"341":{"start":{"line":916,"column":43},"end":{"line":916,"column":null}},"342":{"start":{"line":917,"column":24},"end":{"line":917,"column":44}},"343":{"start":{"line":919,"column":19},"end":{"line":919,"column":null}},"344":{"start":{"line":920,"column":4},"end":{"line":920,"column":null}},"345":{"start":{"line":920,"column":16},"end":{"line":920,"column":null}},"346":{"start":{"line":921,"column":4},"end":{"line":927,"column":null}},"347":{"start":{"line":922,"column":20},"end":{"line":922,"column":null}},"348":{"start":{"line":923,"column":6},"end":{"line":926,"column":null}},"349":{"start":{"line":924,"column":8},"end":{"line":924,"column":null}},"350":{"start":{"line":925,"column":8},"end":{"line":925,"column":null}},"351":{"start":{"line":928,"column":4},"end":{"line":928,"column":null}}},"fnMap":{"0":{"name":"(anonymous_0)","decl":{"start":{"line":7,"column":10},"end":{"line":7,"column":11}},"loc":{"start":{"line":7,"column":24},"end":{"line":7,"column":42}},"line":7},"1":{"name":"(anonymous_1)","decl":{"start":{"line":15,"column":10},"end":{"line":15,"column":11}},"loc":{"start":{"line":15,"column":26},"end":{"line":15,"column":80}},"line":15},"2":{"name":"(anonymous_2)","decl":{"start":{"line":30,"column":10},"end":{"line":30,"column":11}},"loc":{"start":{"line":30,"column":26},"end":{"line":30,"column":55}},"line":30},"3":{"name":"(anonymous_3)","decl":{"start":{"line":31,"column":10},"end":{"line":31,"column":11}},"loc":{"start":{"line":31,"column":11},"end":{"line":31,"column":62}},"line":31},"4":{"name":"validanPIB","decl":{"start":{"line":45,"column":16},"end":{"line":45,"column":27}},"loc":{"start":{"line":45,"column":49},"end":{"line":54,"column":null}},"line":45},"5":{"name":"validanMB","decl":{"start":{"line":65,"column":16},"end":{"line":65,"column":26}},"loc":{"start":{"line":65,"column":47},"end":{"line":75,"column":null}},"line":65},"6":{"name":"normalizeAliases","decl":{"start":{"line":84,"column":16},"end":{"line":84,"column":33}},"loc":{"start":{"line":84,"column":50},"end":{"line":167,"column":null}},"line":84},"7":{"name":"(anonymous_7)","decl":{"start":{"line":158,"column":60},"end":{"line":158,"column":61}},"loc":{"start":{"line":158,"column":75},"end":{"line":163,"column":6}},"line":158},"8":{"name":"(anonymous_8)","decl":{"start":{"line":288,"column":10},"end":{"line":288,"column":11}},"loc":{"start":{"line":288,"column":26},"end":{"line":291,"column":5}},"line":288},"9":{"name":"(anonymous_9)","decl":{"start":{"line":303,"column":10},"end":{"line":303,"column":11}},"loc":{"start":{"line":303,"column":26},"end":{"line":307,"column":5}},"line":303},"10":{"name":"(anonymous_10)","decl":{"start":{"line":312,"column":10},"end":{"line":312,"column":11}},"loc":{"start":{"line":312,"column":26},"end":{"line":318,"column":5}},"line":312},"11":{"name":"(anonymous_11)","decl":{"start":{"line":321,"column":10},"end":{"line":321,"column":11}},"loc":{"start":{"line":321,"column":26},"end":{"line":324,"column":5}},"line":321},"12":{"name":"(anonymous_12)","decl":{"start":{"line":327,"column":10},"end":{"line":327,"column":11}},"loc":{"start":{"line":327,"column":26},"end":{"line":334,"column":5}},"line":327},"13":{"name":"(anonymous_13)","decl":{"start":{"line":336,"column":10},"end":{"line":336,"column":11}},"loc":{"start":{"line":336,"column":26},"end":{"line":339,"column":5}},"line":336},"14":{"name":"(anonymous_14)","decl":{"start":{"line":342,"column":10},"end":{"line":342,"column":11}},"loc":{"start":{"line":342,"column":26},"end":{"line":349,"column":5}},"line":342},"15":{"name":"(anonymous_15)","decl":{"start":{"line":354,"column":10},"end":{"line":354,"column":11}},"loc":{"start":{"line":354,"column":26},"end":{"line":359,"column":5}},"line":354},"16":{"name":"(anonymous_16)","decl":{"start":{"line":362,"column":10},"end":{"line":362,"column":11}},"loc":{"start":{"line":362,"column":26},"end":{"line":367,"column":5}},"line":362},"17":{"name":"(anonymous_17)","decl":{"start":{"line":370,"column":10},"end":{"line":370,"column":11}},"loc":{"start":{"line":370,"column":26},"end":{"line":375,"column":5}},"line":370},"18":{"name":"(anonymous_18)","decl":{"start":{"line":378,"column":10},"end":{"line":378,"column":11}},"loc":{"start":{"line":378,"column":26},"end":{"line":381,"column":5}},"line":378},"19":{"name":"(anonymous_19)","decl":{"start":{"line":384,"column":10},"end":{"line":384,"column":11}},"loc":{"start":{"line":384,"column":26},"end":{"line":387,"column":5}},"line":384},"20":{"name":"(anonymous_20)","decl":{"start":{"line":390,"column":10},"end":{"line":390,"column":11}},"loc":{"start":{"line":390,"column":26},"end":{"line":393,"column":5}},"line":390},"21":{"name":"(anonymous_21)","decl":{"start":{"line":396,"column":10},"end":{"line":396,"column":11}},"loc":{"start":{"line":396,"column":26},"end":{"line":405,"column":5}},"line":396},"22":{"name":"(anonymous_22)","decl":{"start":{"line":408,"column":10},"end":{"line":408,"column":11}},"loc":{"start":{"line":408,"column":26},"end":{"line":411,"column":5}},"line":408},"23":{"name":"(anonymous_23)","decl":{"start":{"line":414,"column":10},"end":{"line":414,"column":11}},"loc":{"start":{"line":414,"column":26},"end":{"line":417,"column":5}},"line":414},"24":{"name":"(anonymous_24)","decl":{"start":{"line":420,"column":10},"end":{"line":420,"column":11}},"loc":{"start":{"line":420,"column":26},"end":{"line":424,"column":5}},"line":420},"25":{"name":"(anonymous_25)","decl":{"start":{"line":426,"column":10},"end":{"line":426,"column":11}},"loc":{"start":{"line":426,"column":26},"end":{"line":432,"column":5}},"line":426},"26":{"name":"(anonymous_26)","decl":{"start":{"line":441,"column":10},"end":{"line":441,"column":11}},"loc":{"start":{"line":441,"column":26},"end":{"line":450,"column":5}},"line":441},"27":{"name":"(anonymous_27)","decl":{"start":{"line":455,"column":10},"end":{"line":455,"column":11}},"loc":{"start":{"line":455,"column":26},"end":{"line":476,"column":5}},"line":455},"28":{"name":"(anonymous_28)","decl":{"start":{"line":479,"column":10},"end":{"line":479,"column":11}},"loc":{"start":{"line":479,"column":26},"end":{"line":487,"column":5}},"line":479},"29":{"name":"(anonymous_29)","decl":{"start":{"line":491,"column":10},"end":{"line":491,"column":11}},"loc":{"start":{"line":491,"column":26},"end":{"line":500,"column":5}},"line":491},"30":{"name":"(anonymous_30)","decl":{"start":{"line":503,"column":10},"end":{"line":503,"column":11}},"loc":{"start":{"line":503,"column":26},"end":{"line":520,"column":5}},"line":503},"31":{"name":"(anonymous_31)","decl":{"start":{"line":523,"column":10},"end":{"line":523,"column":11}},"loc":{"start":{"line":523,"column":26},"end":{"line":529,"column":5}},"line":523},"32":{"name":"(anonymous_32)","decl":{"start":{"line":534,"column":10},"end":{"line":534,"column":11}},"loc":{"start":{"line":534,"column":26},"end":{"line":537,"column":5}},"line":534},"33":{"name":"(anonymous_33)","decl":{"start":{"line":540,"column":10},"end":{"line":540,"column":11}},"loc":{"start":{"line":540,"column":26},"end":{"line":547,"column":5}},"line":540},"34":{"name":"(anonymous_34)","decl":{"start":{"line":550,"column":10},"end":{"line":550,"column":11}},"loc":{"start":{"line":550,"column":26},"end":{"line":553,"column":5}},"line":550},"35":{"name":"(anonymous_35)","decl":{"start":{"line":555,"column":10},"end":{"line":555,"column":11}},"loc":{"start":{"line":555,"column":26},"end":{"line":558,"column":5}},"line":555},"36":{"name":"(anonymous_36)","decl":{"start":{"line":561,"column":10},"end":{"line":561,"column":11}},"loc":{"start":{"line":561,"column":26},"end":{"line":566,"column":5}},"line":561},"37":{"name":"(anonymous_37)","decl":{"start":{"line":569,"column":10},"end":{"line":569,"column":11}},"loc":{"start":{"line":569,"column":26},"end":{"line":577,"column":5}},"line":569},"38":{"name":"(anonymous_38)","decl":{"start":{"line":579,"column":10},"end":{"line":579,"column":11}},"loc":{"start":{"line":579,"column":26},"end":{"line":582,"column":5}},"line":579},"39":{"name":"(anonymous_39)","decl":{"start":{"line":584,"column":10},"end":{"line":584,"column":11}},"loc":{"start":{"line":584,"column":26},"end":{"line":588,"column":5}},"line":584},"40":{"name":"(anonymous_40)","decl":{"start":{"line":590,"column":10},"end":{"line":590,"column":11}},"loc":{"start":{"line":590,"column":26},"end":{"line":594,"column":5}},"line":590},"41":{"name":"(anonymous_41)","decl":{"start":{"line":597,"column":10},"end":{"line":597,"column":11}},"loc":{"start":{"line":597,"column":26},"end":{"line":603,"column":5}},"line":597},"42":{"name":"(anonymous_42)","decl":{"start":{"line":606,"column":10},"end":{"line":606,"column":11}},"loc":{"start":{"line":606,"column":26},"end":{"line":609,"column":5}},"line":606},"43":{"name":"(anonymous_43)","decl":{"start":{"line":623,"column":9},"end":{"line":623,"column":18}},"loc":{"start":{"line":623,"column":75},"end":{"line":648,"column":null}},"line":623},"44":{"name":"(anonymous_44)","decl":{"start":{"line":650,"column":17},"end":{"line":650,"column":39}},"loc":{"start":{"line":650,"column":50},"end":{"line":673,"column":null}},"line":650},"45":{"name":"(anonymous_45)","decl":{"start":{"line":675,"column":17},"end":{"line":675,"column":29}},"loc":{"start":{"line":675,"column":49},"end":{"line":680,"column":null}},"line":675},"46":{"name":"(anonymous_46)","decl":{"start":{"line":679,"column":26},"end":{"line":679,"column":27}},"loc":{"start":{"line":679,"column":38},"end":{"line":679,"column":93}},"line":679},"47":{"name":"(anonymous_47)","decl":{"start":{"line":686,"column":15},"end":{"line":686,"column":34}},"loc":{"start":{"line":686,"column":143},"end":{"line":699,"column":null}},"line":686},"48":{"name":"normalizeInput","decl":{"start":{"line":709,"column":16},"end":{"line":709,"column":31}},"loc":{"start":{"line":709,"column":48},"end":{"line":913,"column":null}},"line":709},"49":{"name":"(anonymous_49)","decl":{"start":{"line":771,"column":39},"end":{"line":771,"column":40}},"loc":{"start":{"line":771,"column":65},"end":{"line":780,"column":6}},"line":771},"50":{"name":"(anonymous_50)","decl":{"start":{"line":786,"column":40},"end":{"line":786,"column":41}},"loc":{"start":{"line":786,"column":53},"end":{"line":796,"column":6}},"line":786},"51":{"name":"(anonymous_51)","decl":{"start":{"line":789,"column":56},"end":{"line":789,"column":57}},"loc":{"start":{"line":789,"column":69},"end":{"line":795,"column":8}},"line":789},"52":{"name":"(anonymous_52)","decl":{"start":{"line":841,"column":45},"end":{"line":841,"column":46}},"loc":{"start":{"line":841,"column":70},"end":{"line":841,"column":93}},"line":841},"53":{"name":"(anonymous_53)","decl":{"start":{"line":869,"column":46},"end":{"line":869,"column":47}},"loc":{"start":{"line":869,"column":59},"end":{"line":869,"column":68}},"line":869},"54":{"name":"(anonymous_54)","decl":{"start":{"line":917,"column":9},"end":{"line":917,"column":22}},"loc":{"start":{"line":917,"column":22},"end":{"line":917,"column":null}},"line":917},"55":{"name":"(anonymous_55)","decl":{"start":{"line":918,"column":15},"end":{"line":918,"column":31}},"loc":{"start":{"line":918,"column":55},"end":{"line":929,"column":null}},"line":918}},"branchMap":{"0":{"loc":{"start":{"line":31,"column":27},"end":{"line":31,"column":50}},"type":"binary-expr","locations":[{"start":{"line":31,"column":27},"end":{"line":31,"column":46}},{"start":{"line":31,"column":46},"end":{"line":31,"column":50}}],"line":31},"1":{"loc":{"start":{"line":47,"column":2},"end":{"line":47,"column":null}},"type":"if","locations":[{"start":{"line":47,"column":2},"end":{"line":47,"column":null}},{"start":{},"end":{}}],"line":47},"2":{"loc":{"start":{"line":51,"column":12},"end":{"line":51,"column":38}},"type":"cond-expr","locations":[{"start":{"line":51,"column":25},"end":{"line":51,"column":30}},{"start":{"line":51,"column":30},"end":{"line":51,"column":38}}],"line":51},"3":{"loc":{"start":{"line":66,"column":2},"end":{"line":66,"column":null}},"type":"if","locations":[{"start":{"line":66,"column":2},"end":{"line":66,"column":null}},{"start":{},"end":{}}],"line":66},"4":{"loc":{"start":{"line":66,"column":6},"end":{"line":66,"column":46}},"type":"binary-expr","locations":[{"start":{"line":66,"column":6},"end":{"line":66,"column":25}},{"start":{"line":66,"column":25},"end":{"line":66,"column":46}}],"line":66},"5":{"loc":{"start":{"line":71,"column":15},"end":{"line":71,"column":null}},"type":"cond-expr","locations":[{"start":{"line":71,"column":32},"end":{"line":71,"column":36}},{"start":{"line":71,"column":36},"end":{"line":71,"column":null}}],"line":71},"6":{"loc":{"start":{"line":73,"column":21},"end":{"line":73,"column":null}},"type":"cond-expr","locations":[{"start":{"line":73,"column":43},"end":{"line":73,"column":48}},{"start":{"line":73,"column":48},"end":{"line":73,"column":null}}],"line":73},"7":{"loc":{"start":{"line":85,"column":2},"end":{"line":85,"column":null}},"type":"if","locations":[{"start":{"line":85,"column":2},"end":{"line":85,"column":null}},{"start":{},"end":{}}],"line":85},"8":{"loc":{"start":{"line":89,"column":9},"end":{"line":89,"column":null}},"type":"binary-expr","locations":[{"start":{"line":89,"column":9},"end":{"line":89,"column":21}},{"start":{"line":89,"column":21},"end":{"line":89,"column":40}},{"start":{"line":89,"column":40},"end":{"line":89,"column":54}},{"start":{"line":89,"column":54},"end":{"line":89,"column":null}}],"line":89},"9":{"loc":{"start":{"line":92,"column":16},"end":{"line":92,"column":null}},"type":"binary-expr","locations":[{"start":{"line":92,"column":16},"end":{"line":92,"column":35}},{"start":{"line":92,"column":35},"end":{"line":92,"column":59}},{"start":{"line":92,"column":59},"end":{"line":92,"column":74}},{"start":{"line":92,"column":74},"end":{"line":92,"column":93}},{"start":{"line":92,"column":80},"end":{"line":92,"column":null}}],"line":92},"10":{"loc":{"start":{"line":94,"column":21},"end":{"line":94,"column":null}},"type":"binary-expr","locations":[{"start":{"line":94,"column":21},"end":{"line":94,"column":45}},{"start":{"line":94,"column":45},"end":{"line":94,"column":66}},{"start":{"line":94,"column":66},"end":{"line":94,"column":88}},{"start":{"line":94,"column":88},"end":{"line":94,"column":109}},{"start":{"line":94,"column":109},"end":{"line":94,"column":null}}],"line":94},"11":{"loc":{"start":{"line":95,"column":19},"end":{"line":95,"column":null}},"type":"binary-expr","locations":[{"start":{"line":95,"column":19},"end":{"line":95,"column":41}},{"start":{"line":95,"column":41},"end":{"line":95,"column":63}},{"start":{"line":95,"column":63},"end":{"line":95,"column":91}},{"start":{"line":95,"column":91},"end":{"line":95,"column":null}}],"line":95},"12":{"loc":{"start":{"line":98,"column":22},"end":{"line":98,"column":null}},"type":"binary-expr","locations":[{"start":{"line":98,"column":22},"end":{"line":98,"column":47}},{"start":{"line":98,"column":47},"end":{"line":98,"column":69}},{"start":{"line":98,"column":69},"end":{"line":98,"column":94}},{"start":{"line":98,"column":94},"end":{"line":98,"column":null}}],"line":98},"13":{"loc":{"start":{"line":101,"column":27},"end":{"line":101,"column":null}},"type":"binary-expr","locations":[{"start":{"line":101,"column":27},"end":{"line":101,"column":57}},{"start":{"line":101,"column":57},"end":{"line":101,"column":73}},{"start":{"line":101,"column":73},"end":{"line":101,"column":103}},{"start":{"line":101,"column":103},"end":{"line":101,"column":null}}],"line":101},"14":{"loc":{"start":{"line":102,"column":22},"end":{"line":102,"column":null}},"type":"binary-expr","locations":[{"start":{"line":102,"column":22},"end":{"line":102,"column":47}},{"start":{"line":102,"column":47},"end":{"line":102,"column":null}}],"line":102},"15":{"loc":{"start":{"line":106,"column":2},"end":{"line":112,"column":null}},"type":"if","locations":[{"start":{"line":106,"column":2},"end":{"line":112,"column":null}},{"start":{"line":108,"column":9},"end":{"line":112,"column":null}}],"line":106},"16":{"loc":{"start":{"line":109,"column":20},"end":{"line":110,"column":null}},"type":"binary-expr","locations":[{"start":{"line":109,"column":20},"end":{"line":109,"column":41}},{"start":{"line":109,"column":41},"end":{"line":109,"column":null}},{"start":{"line":110,"column":9},"end":{"line":110,"column":30}},{"start":{"line":110,"column":30},"end":{"line":110,"column":53}},{"start":{"line":110,"column":53},"end":{"line":110,"column":76}},{"start":{"line":110,"column":76},"end":{"line":110,"column":null}}],"line":109},"17":{"loc":{"start":{"line":111,"column":4},"end":{"line":111,"column":null}},"type":"if","locations":[{"start":{"line":111,"column":4},"end":{"line":111,"column":null}},{"start":{},"end":{}}],"line":111},"18":{"loc":{"start":{"line":115,"column":2},"end":{"line":121,"column":null}},"type":"if","locations":[{"start":{"line":115,"column":2},"end":{"line":121,"column":null}},{"start":{"line":117,"column":9},"end":{"line":121,"column":null}}],"line":115},"19":{"loc":{"start":{"line":118,"column":20},"end":{"line":119,"column":null}},"type":"binary-expr","locations":[{"start":{"line":118,"column":20},"end":{"line":118,"column":41}},{"start":{"line":118,"column":41},"end":{"line":118,"column":null}},{"start":{"line":119,"column":9},"end":{"line":119,"column":29}},{"start":{"line":119,"column":29},"end":{"line":119,"column":52}},{"start":{"line":119,"column":52},"end":{"line":119,"column":75}},{"start":{"line":119,"column":75},"end":{"line":119,"column":null}}],"line":118},"20":{"loc":{"start":{"line":120,"column":4},"end":{"line":120,"column":null}},"type":"if","locations":[{"start":{"line":120,"column":4},"end":{"line":120,"column":null}},{"start":{},"end":{}}],"line":120},"21":{"loc":{"start":{"line":124,"column":13},"end":{"line":124,"column":null}},"type":"binary-expr","locations":[{"start":{"line":124,"column":13},"end":{"line":124,"column":29}},{"start":{"line":124,"column":29},"end":{"line":124,"column":52}},{"start":{"line":124,"column":52},"end":{"line":124,"column":null}}],"line":124},"22":{"loc":{"start":{"line":127,"column":17},"end":{"line":127,"column":null}},"type":"binary-expr","locations":[{"start":{"line":127,"column":17},"end":{"line":127,"column":37}},{"start":{"line":127,"column":37},"end":{"line":127,"column":71}},{"start":{"line":127,"column":71},"end":{"line":127,"column":null}}],"line":127},"23":{"loc":{"start":{"line":130,"column":22},"end":{"line":130,"column":null}},"type":"binary-expr","locations":[{"start":{"line":130,"column":22},"end":{"line":130,"column":47}},{"start":{"line":130,"column":47},"end":{"line":130,"column":null}}],"line":130},"24":{"loc":{"start":{"line":133,"column":20},"end":{"line":133,"column":null}},"type":"binary-expr","locations":[{"start":{"line":133,"column":20},"end":{"line":133,"column":43}},{"start":{"line":133,"column":43},"end":{"line":133,"column":70}},{"start":{"line":133,"column":70},"end":{"line":133,"column":null}}],"line":133},"25":{"loc":{"start":{"line":136,"column":2},"end":{"line":138,"column":null}},"type":"if","locations":[{"start":{"line":136,"column":2},"end":{"line":138,"column":null}},{"start":{},"end":{}}],"line":136},"26":{"loc":{"start":{"line":136,"column":6},"end":{"line":136,"column":42}},"type":"binary-expr","locations":[{"start":{"line":136,"column":6},"end":{"line":136,"column":26}},{"start":{"line":136,"column":26},"end":{"line":136,"column":42}}],"line":136},"27":{"loc":{"start":{"line":137,"column":60},"end":{"line":137,"column":93}},"type":"binary-expr","locations":[{"start":{"line":137,"column":60},"end":{"line":137,"column":78}},{"start":{"line":137,"column":78},"end":{"line":137,"column":93}}],"line":137},"28":{"loc":{"start":{"line":141,"column":2},"end":{"line":148,"column":null}},"type":"if","locations":[{"start":{"line":141,"column":2},"end":{"line":148,"column":null}},{"start":{},"end":{}}],"line":141},"29":{"loc":{"start":{"line":141,"column":6},"end":{"line":141,"column":104}},"type":"binary-expr","locations":[{"start":{"line":141,"column":6},"end":{"line":141,"column":30}},{"start":{"line":141,"column":30},"end":{"line":141,"column":55}},{"start":{"line":141,"column":55},"end":{"line":141,"column":74}},{"start":{"line":141,"column":74},"end":{"line":141,"column":104}}],"line":141},"30":{"loc":{"start":{"line":143,"column":10},"end":{"line":143,"column":null}},"type":"binary-expr","locations":[{"start":{"line":143,"column":10},"end":{"line":143,"column":35}},{"start":{"line":143,"column":35},"end":{"line":143,"column":54}},{"start":{"line":143,"column":54},"end":{"line":143,"column":null}}],"line":143},"31":{"loc":{"start":{"line":144,"column":12},"end":{"line":144,"column":null}},"type":"binary-expr","locations":[{"start":{"line":144,"column":12},"end":{"line":144,"column":38}},{"start":{"line":144,"column":38},"end":{"line":144,"column":58}},{"start":{"line":144,"column":58},"end":{"line":144,"column":83}},{"start":{"line":144,"column":83},"end":{"line":144,"column":null}}],"line":144},"32":{"loc":{"start":{"line":145,"column":17},"end":{"line":145,"column":null}},"type":"binary-expr","locations":[{"start":{"line":145,"column":17},"end":{"line":145,"column":43}},{"start":{"line":145,"column":43},"end":{"line":145,"column":63}},{"start":{"line":145,"column":63},"end":{"line":145,"column":88}},{"start":{"line":145,"column":88},"end":{"line":145,"column":null}}],"line":145},"33":{"loc":{"start":{"line":146,"column":16},"end":{"line":146,"column":null}},"type":"binary-expr","locations":[{"start":{"line":146,"column":16},"end":{"line":146,"column":50}},{"start":{"line":146,"column":50},"end":{"line":146,"column":null}}],"line":146},"34":{"loc":{"start":{"line":146,"column":50},"end":{"line":146,"column":null}},"type":"cond-expr","locations":[{"start":{"line":146,"column":68},"end":{"line":146,"column":76}},{"start":{"line":146,"column":76},"end":{"line":146,"column":null}}],"line":146},"35":{"loc":{"start":{"line":151,"column":2},"end":{"line":151,"column":null}},"type":"if","locations":[{"start":{"line":151,"column":2},"end":{"line":151,"column":null}},{"start":{},"end":{}}],"line":151},"36":{"loc":{"start":{"line":151,"column":6},"end":{"line":151,"column":39}},"type":"binary-expr","locations":[{"start":{"line":151,"column":6},"end":{"line":151,"column":22}},{"start":{"line":151,"column":22},"end":{"line":151,"column":39}}],"line":151},"37":{"loc":{"start":{"line":154,"column":2},"end":{"line":154,"column":null}},"type":"if","locations":[{"start":{"line":154,"column":2},"end":{"line":154,"column":null}},{"start":{},"end":{}}],"line":154},"38":{"loc":{"start":{"line":154,"column":6},"end":{"line":154,"column":55}},"type":"binary-expr","locations":[{"start":{"line":154,"column":6},"end":{"line":154,"column":26}},{"start":{"line":154,"column":26},"end":{"line":154,"column":41}},{"start":{"line":154,"column":41},"end":{"line":154,"column":55}}],"line":154},"39":{"loc":{"start":{"line":154,"column":72},"end":{"line":154,"column":null}},"type":"binary-expr","locations":[{"start":{"line":154,"column":72},"end":{"line":154,"column":87}},{"start":{"line":154,"column":87},"end":{"line":154,"column":null}}],"line":154},"40":{"loc":{"start":{"line":157,"column":2},"end":{"line":164,"column":null}},"type":"if","locations":[{"start":{"line":157,"column":2},"end":{"line":164,"column":null}},{"start":{},"end":{}}],"line":157},"41":{"loc":{"start":{"line":157,"column":6},"end":{"line":157,"column":61}},"type":"binary-expr","locations":[{"start":{"line":157,"column":6},"end":{"line":157,"column":37}},{"start":{"line":157,"column":37},"end":{"line":157,"column":61}}],"line":157},"42":{"loc":{"start":{"line":289,"column":4},"end":{"line":289,"column":null}},"type":"if","locations":[{"start":{"line":289,"column":4},"end":{"line":289,"column":null}},{"start":{},"end":{}}],"line":289},"43":{"loc":{"start":{"line":289,"column":8},"end":{"line":289,"column":79}},"type":"binary-expr","locations":[{"start":{"line":289,"column":8},"end":{"line":289,"column":38}},{"start":{"line":289,"column":38},"end":{"line":289,"column":79}}],"line":289},"44":{"loc":{"start":{"line":304,"column":4},"end":{"line":304,"column":null}},"type":"if","locations":[{"start":{"line":304,"column":4},"end":{"line":304,"column":null}},{"start":{},"end":{}}],"line":304},"45":{"loc":{"start":{"line":304,"column":8},"end":{"line":304,"column":47}},"type":"binary-expr","locations":[{"start":{"line":304,"column":8},"end":{"line":304,"column":22}},{"start":{"line":304,"column":22},"end":{"line":304,"column":47}}],"line":304},"46":{"loc":{"start":{"line":305,"column":4},"end":{"line":305,"column":null}},"type":"if","locations":[{"start":{"line":305,"column":4},"end":{"line":305,"column":null}},{"start":{},"end":{}}],"line":305},"47":{"loc":{"start":{"line":305,"column":8},"end":{"line":305,"column":47}},"type":"binary-expr","locations":[{"start":{"line":305,"column":8},"end":{"line":305,"column":22}},{"start":{"line":305,"column":22},"end":{"line":305,"column":47}}],"line":305},"48":{"loc":{"start":{"line":313,"column":16},"end":{"line":313,"column":null}},"type":"binary-expr","locations":[{"start":{"line":313,"column":16},"end":{"line":313,"column":45}},{"start":{"line":313,"column":45},"end":{"line":313,"column":null}}],"line":313},"49":{"loc":{"start":{"line":314,"column":16},"end":{"line":314,"column":null}},"type":"binary-expr","locations":[{"start":{"line":314,"column":16},"end":{"line":314,"column":44}},{"start":{"line":314,"column":44},"end":{"line":314,"column":null}}],"line":314},"50":{"loc":{"start":{"line":315,"column":4},"end":{"line":315,"column":null}},"type":"if","locations":[{"start":{"line":315,"column":4},"end":{"line":315,"column":null}},{"start":{},"end":{}}],"line":315},"51":{"loc":{"start":{"line":315,"column":8},"end":{"line":315,"column":40}},"type":"binary-expr","locations":[{"start":{"line":315,"column":8},"end":{"line":315,"column":15}},{"start":{"line":315,"column":15},"end":{"line":315,"column":40}}],"line":315},"52":{"loc":{"start":{"line":316,"column":4},"end":{"line":316,"column":null}},"type":"if","locations":[{"start":{"line":316,"column":4},"end":{"line":316,"column":null}},{"start":{},"end":{}}],"line":316},"53":{"loc":{"start":{"line":316,"column":8},"end":{"line":316,"column":40}},"type":"binary-expr","locations":[{"start":{"line":316,"column":8},"end":{"line":316,"column":15}},{"start":{"line":316,"column":15},"end":{"line":316,"column":40}}],"line":316},"54":{"loc":{"start":{"line":322,"column":4},"end":{"line":322,"column":null}},"type":"if","locations":[{"start":{"line":322,"column":4},"end":{"line":322,"column":null}},{"start":{},"end":{}}],"line":322},"55":{"loc":{"start":{"line":322,"column":8},"end":{"line":322,"column":55}},"type":"binary-expr","locations":[{"start":{"line":322,"column":8},"end":{"line":322,"column":24}},{"start":{"line":322,"column":24},"end":{"line":322,"column":55}}],"line":322},"56":{"loc":{"start":{"line":328,"column":4},"end":{"line":332,"column":null}},"type":"if","locations":[{"start":{"line":328,"column":4},"end":{"line":332,"column":null}},{"start":{},"end":{}}],"line":328},"57":{"loc":{"start":{"line":330,"column":8},"end":{"line":330,"column":null}},"type":"if","locations":[{"start":{"line":330,"column":8},"end":{"line":330,"column":null}},{"start":{},"end":{}}],"line":330},"58":{"loc":{"start":{"line":337,"column":4},"end":{"line":337,"column":null}},"type":"if","locations":[{"start":{"line":337,"column":4},"end":{"line":337,"column":null}},{"start":{},"end":{}}],"line":337},"59":{"loc":{"start":{"line":337,"column":8},"end":{"line":337,"column":120}},"type":"binary-expr","locations":[{"start":{"line":337,"column":8},"end":{"line":337,"column":43}},{"start":{"line":337,"column":43},"end":{"line":337,"column":77}},{"start":{"line":337,"column":77},"end":{"line":337,"column":120}}],"line":337},"60":{"loc":{"start":{"line":343,"column":4},"end":{"line":347,"column":null}},"type":"if","locations":[{"start":{"line":343,"column":4},"end":{"line":347,"column":null}},{"start":{},"end":{}}],"line":343},"61":{"loc":{"start":{"line":344,"column":24},"end":{"line":344,"column":null}},"type":"binary-expr","locations":[{"start":{"line":344,"column":24},"end":{"line":344,"column":54}},{"start":{"line":344,"column":54},"end":{"line":344,"column":null}}],"line":344},"62":{"loc":{"start":{"line":345,"column":27},"end":{"line":345,"column":null}},"type":"binary-expr","locations":[{"start":{"line":345,"column":27},"end":{"line":345,"column":61}},{"start":{"line":345,"column":61},"end":{"line":345,"column":null}}],"line":345},"63":{"loc":{"start":{"line":346,"column":6},"end":{"line":346,"column":null}},"type":"if","locations":[{"start":{"line":346,"column":6},"end":{"line":346,"column":null}},{"start":{},"end":{}}],"line":346},"64":{"loc":{"start":{"line":346,"column":10},"end":{"line":346,"column":33}},"type":"binary-expr","locations":[{"start":{"line":346,"column":10},"end":{"line":346,"column":21}},{"start":{"line":346,"column":21},"end":{"line":346,"column":33}}],"line":346},"65":{"loc":{"start":{"line":355,"column":4},"end":{"line":357,"column":null}},"type":"if","locations":[{"start":{"line":355,"column":4},"end":{"line":357,"column":null}},{"start":{},"end":{}}],"line":355},"66":{"loc":{"start":{"line":355,"column":8},"end":{"line":355,"column":49}},"type":"binary-expr","locations":[{"start":{"line":355,"column":8},"end":{"line":355,"column":27}},{"start":{"line":355,"column":27},"end":{"line":355,"column":49}}],"line":355},"67":{"loc":{"start":{"line":363,"column":4},"end":{"line":365,"column":null}},"type":"if","locations":[{"start":{"line":363,"column":4},"end":{"line":365,"column":null}},{"start":{},"end":{}}],"line":363},"68":{"loc":{"start":{"line":363,"column":8},"end":{"line":363,"column":76}},"type":"binary-expr","locations":[{"start":{"line":363,"column":8},"end":{"line":363,"column":38}},{"start":{"line":363,"column":38},"end":{"line":363,"column":76}}],"line":363},"69":{"loc":{"start":{"line":364,"column":6},"end":{"line":364,"column":null}},"type":"if","locations":[{"start":{"line":364,"column":6},"end":{"line":364,"column":null}},{"start":{},"end":{}}],"line":364},"70":{"loc":{"start":{"line":364,"column":10},"end":{"line":364,"column":68}},"type":"binary-expr","locations":[{"start":{"line":364,"column":10},"end":{"line":364,"column":35}},{"start":{"line":364,"column":35},"end":{"line":364,"column":68}}],"line":364},"71":{"loc":{"start":{"line":371,"column":4},"end":{"line":373,"column":null}},"type":"if","locations":[{"start":{"line":371,"column":4},"end":{"line":373,"column":null}},{"start":{},"end":{}}],"line":371},"72":{"loc":{"start":{"line":371,"column":8},"end":{"line":371,"column":76}},"type":"binary-expr","locations":[{"start":{"line":371,"column":8},"end":{"line":371,"column":38}},{"start":{"line":371,"column":38},"end":{"line":371,"column":76}}],"line":371},"73":{"loc":{"start":{"line":372,"column":6},"end":{"line":372,"column":null}},"type":"if","locations":[{"start":{"line":372,"column":6},"end":{"line":372,"column":null}},{"start":{},"end":{}}],"line":372},"74":{"loc":{"start":{"line":372,"column":11},"end":{"line":372,"column":34}},"type":"binary-expr","locations":[{"start":{"line":372,"column":11},"end":{"line":372,"column":30}},{"start":{"line":372,"column":30},"end":{"line":372,"column":34}}],"line":372},"75":{"loc":{"start":{"line":379,"column":4},"end":{"line":379,"column":null}},"type":"if","locations":[{"start":{"line":379,"column":4},"end":{"line":379,"column":null}},{"start":{},"end":{}}],"line":379},"76":{"loc":{"start":{"line":379,"column":8},"end":{"line":379,"column":74}},"type":"binary-expr","locations":[{"start":{"line":379,"column":8},"end":{"line":379,"column":24}},{"start":{"line":379,"column":24},"end":{"line":379,"column":49}},{"start":{"line":379,"column":49},"end":{"line":379,"column":74}}],"line":379},"77":{"loc":{"start":{"line":385,"column":4},"end":{"line":385,"column":null}},"type":"if","locations":[{"start":{"line":385,"column":4},"end":{"line":385,"column":null}},{"start":{},"end":{}}],"line":385},"78":{"loc":{"start":{"line":385,"column":8},"end":{"line":385,"column":91}},"type":"binary-expr","locations":[{"start":{"line":385,"column":8},"end":{"line":385,"column":27}},{"start":{"line":385,"column":27},"end":{"line":385,"column":91}}],"line":385},"79":{"loc":{"start":{"line":391,"column":4},"end":{"line":391,"column":null}},"type":"if","locations":[{"start":{"line":391,"column":4},"end":{"line":391,"column":null}},{"start":{},"end":{}}],"line":391},"80":{"loc":{"start":{"line":397,"column":22},"end":{"line":397,"column":null}},"type":"binary-expr","locations":[{"start":{"line":397,"column":22},"end":{"line":397,"column":45}},{"start":{"line":397,"column":45},"end":{"line":397,"column":64}},{"start":{"line":397,"column":64},"end":{"line":397,"column":98}},{"start":{"line":397,"column":98},"end":{"line":397,"column":null}}],"line":397},"81":{"loc":{"start":{"line":399,"column":19},"end":{"line":399,"column":null}},"type":"binary-expr","locations":[{"start":{"line":399,"column":19},"end":{"line":399,"column":40}},{"start":{"line":399,"column":40},"end":{"line":399,"column":null}}],"line":399},"82":{"loc":{"start":{"line":400,"column":6},"end":{"line":402,"column":null}},"type":"if","locations":[{"start":{"line":400,"column":6},"end":{"line":402,"column":null}},{"start":{},"end":{}}],"line":400},"83":{"loc":{"start":{"line":401,"column":8},"end":{"line":401,"column":null}},"type":"if","locations":[{"start":{"line":401,"column":8},"end":{"line":401,"column":null}},{"start":{},"end":{}}],"line":401},"84":{"loc":{"start":{"line":401,"column":12},"end":{"line":401,"column":81}},"type":"binary-expr","locations":[{"start":{"line":401,"column":12},"end":{"line":401,"column":38}},{"start":{"line":401,"column":38},"end":{"line":401,"column":54}},{"start":{"line":401,"column":54},"end":{"line":401,"column":81}}],"line":401},"85":{"loc":{"start":{"line":409,"column":4},"end":{"line":409,"column":null}},"type":"if","locations":[{"start":{"line":409,"column":4},"end":{"line":409,"column":null}},{"start":{},"end":{}}],"line":409},"86":{"loc":{"start":{"line":409,"column":8},"end":{"line":409,"column":91}},"type":"binary-expr","locations":[{"start":{"line":409,"column":8},"end":{"line":409,"column":37}},{"start":{"line":409,"column":37},"end":{"line":409,"column":91}}],"line":409},"87":{"loc":{"start":{"line":415,"column":4},"end":{"line":415,"column":null}},"type":"if","locations":[{"start":{"line":415,"column":4},"end":{"line":415,"column":null}},{"start":{},"end":{}}],"line":415},"88":{"loc":{"start":{"line":415,"column":8},"end":{"line":415,"column":110}},"type":"binary-expr","locations":[{"start":{"line":415,"column":8},"end":{"line":415,"column":32}},{"start":{"line":415,"column":32},"end":{"line":415,"column":76}},{"start":{"line":415,"column":76},"end":{"line":415,"column":110}}],"line":415},"89":{"loc":{"start":{"line":422,"column":4},"end":{"line":422,"column":null}},"type":"if","locations":[{"start":{"line":422,"column":4},"end":{"line":422,"column":null}},{"start":{},"end":{}}],"line":422},"90":{"loc":{"start":{"line":422,"column":8},"end":{"line":422,"column":44}},"type":"binary-expr","locations":[{"start":{"line":422,"column":8},"end":{"line":422,"column":18}},{"start":{"line":422,"column":18},"end":{"line":422,"column":44}}],"line":422},"91":{"loc":{"start":{"line":428,"column":4},"end":{"line":430,"column":null}},"type":"if","locations":[{"start":{"line":428,"column":4},"end":{"line":430,"column":null}},{"start":{},"end":{}}],"line":428},"92":{"loc":{"start":{"line":428,"column":8},"end":{"line":428,"column":119}},"type":"binary-expr","locations":[{"start":{"line":428,"column":8},"end":{"line":428,"column":18}},{"start":{"line":428,"column":18},"end":{"line":428,"column":94}},{"start":{"line":428,"column":94},"end":{"line":428,"column":119}}],"line":428},"93":{"loc":{"start":{"line":429,"column":6},"end":{"line":429,"column":null}},"type":"if","locations":[{"start":{"line":429,"column":6},"end":{"line":429,"column":null}},{"start":{},"end":{}}],"line":429},"94":{"loc":{"start":{"line":442,"column":4},"end":{"line":442,"column":null}},"type":"if","locations":[{"start":{"line":442,"column":4},"end":{"line":442,"column":null}},{"start":{},"end":{}}],"line":442},"95":{"loc":{"start":{"line":442,"column":8},"end":{"line":442,"column":76}},"type":"binary-expr","locations":[{"start":{"line":442,"column":8},"end":{"line":442,"column":38}},{"start":{"line":442,"column":38},"end":{"line":442,"column":76}}],"line":442},"96":{"loc":{"start":{"line":443,"column":22},"end":{"line":443,"column":null}},"type":"binary-expr","locations":[{"start":{"line":443,"column":22},"end":{"line":443,"column":45}},{"start":{"line":443,"column":45},"end":{"line":443,"column":64}},{"start":{"line":443,"column":64},"end":{"line":443,"column":98}},{"start":{"line":443,"column":98},"end":{"line":443,"column":null}}],"line":443},"97":{"loc":{"start":{"line":444,"column":4},"end":{"line":444,"column":null}},"type":"if","locations":[{"start":{"line":444,"column":4},"end":{"line":444,"column":null}},{"start":{},"end":{}}],"line":444},"98":{"loc":{"start":{"line":445,"column":4},"end":{"line":445,"column":null}},"type":"if","locations":[{"start":{"line":445,"column":4},"end":{"line":445,"column":null}},{"start":{},"end":{}}],"line":445},"99":{"loc":{"start":{"line":447,"column":38},"end":{"line":447,"column":null}},"type":"binary-expr","locations":[{"start":{"line":447,"column":38},"end":{"line":447,"column":57}},{"start":{"line":447,"column":57},"end":{"line":447,"column":null}}],"line":447},"100":{"loc":{"start":{"line":448,"column":4},"end":{"line":448,"column":null}},"type":"if","locations":[{"start":{"line":448,"column":4},"end":{"line":448,"column":null}},{"start":{},"end":{}}],"line":448},"101":{"loc":{"start":{"line":456,"column":4},"end":{"line":456,"column":null}},"type":"if","locations":[{"start":{"line":456,"column":4},"end":{"line":456,"column":null}},{"start":{},"end":{}}],"line":456},"102":{"loc":{"start":{"line":456,"column":8},"end":{"line":456,"column":76}},"type":"binary-expr","locations":[{"start":{"line":456,"column":8},"end":{"line":456,"column":38}},{"start":{"line":456,"column":38},"end":{"line":456,"column":76}}],"line":456},"103":{"loc":{"start":{"line":457,"column":22},"end":{"line":457,"column":null}},"type":"binary-expr","locations":[{"start":{"line":457,"column":22},"end":{"line":457,"column":50}},{"start":{"line":457,"column":50},"end":{"line":457,"column":null}}],"line":457},"104":{"loc":{"start":{"line":458,"column":22},"end":{"line":458,"column":null}},"type":"binary-expr","locations":[{"start":{"line":458,"column":22},"end":{"line":458,"column":51}},{"start":{"line":458,"column":51},"end":{"line":458,"column":null}}],"line":458},"105":{"loc":{"start":{"line":459,"column":22},"end":{"line":459,"column":null}},"type":"binary-expr","locations":[{"start":{"line":459,"column":22},"end":{"line":459,"column":52}},{"start":{"line":459,"column":52},"end":{"line":459,"column":null}}],"line":459},"106":{"loc":{"start":{"line":460,"column":19},"end":{"line":460,"column":null}},"type":"binary-expr","locations":[{"start":{"line":460,"column":19},"end":{"line":460,"column":46}},{"start":{"line":460,"column":46},"end":{"line":460,"column":null}}],"line":460},"107":{"loc":{"start":{"line":462,"column":4},"end":{"line":464,"column":null}},"type":"if","locations":[{"start":{"line":462,"column":4},"end":{"line":464,"column":null}},{"start":{},"end":{}}],"line":462},"108":{"loc":{"start":{"line":462,"column":8},"end":{"line":462,"column":50}},"type":"binary-expr","locations":[{"start":{"line":462,"column":8},"end":{"line":462,"column":30}},{"start":{"line":462,"column":30},"end":{"line":462,"column":50}}],"line":462},"109":{"loc":{"start":{"line":463,"column":6},"end":{"line":463,"column":null}},"type":"if","locations":[{"start":{"line":463,"column":6},"end":{"line":463,"column":null}},{"start":{},"end":{}}],"line":463},"110":{"loc":{"start":{"line":467,"column":4},"end":{"line":473,"column":null}},"type":"if","locations":[{"start":{"line":467,"column":4},"end":{"line":473,"column":null}},{"start":{},"end":{}}],"line":467},"111":{"loc":{"start":{"line":469,"column":22},"end":{"line":469,"column":48}},"type":"binary-expr","locations":[{"start":{"line":469,"column":22},"end":{"line":469,"column":44}},{"start":{"line":469,"column":44},"end":{"line":469,"column":48}}],"line":469},"112":{"loc":{"start":{"line":470,"column":21},"end":{"line":470,"column":69}},"type":"binary-expr","locations":[{"start":{"line":470,"column":21},"end":{"line":470,"column":38}},{"start":{"line":470,"column":38},"end":{"line":470,"column":63}},{"start":{"line":470,"column":63},"end":{"line":470,"column":69}}],"line":470},"113":{"loc":{"start":{"line":470,"column":69},"end":{"line":470,"column":null}},"type":"binary-expr","locations":[{"start":{"line":470,"column":69},"end":{"line":470,"column":91}},{"start":{"line":470,"column":91},"end":{"line":470,"column":null}}],"line":470},"114":{"loc":{"start":{"line":472,"column":6},"end":{"line":472,"column":null}},"type":"if","locations":[{"start":{"line":472,"column":6},"end":{"line":472,"column":null}},{"start":{},"end":{}}],"line":472},"115":{"loc":{"start":{"line":472,"column":10},"end":{"line":472,"column":65}},"type":"binary-expr","locations":[{"start":{"line":472,"column":10},"end":{"line":472,"column":26}},{"start":{"line":472,"column":26},"end":{"line":472,"column":65}}],"line":472},"116":{"loc":{"start":{"line":480,"column":22},"end":{"line":480,"column":null}},"type":"binary-expr","locations":[{"start":{"line":480,"column":22},"end":{"line":480,"column":45}},{"start":{"line":480,"column":45},"end":{"line":480,"column":64}},{"start":{"line":480,"column":64},"end":{"line":480,"column":98}},{"start":{"line":480,"column":98},"end":{"line":480,"column":null}}],"line":480},"117":{"loc":{"start":{"line":481,"column":4},"end":{"line":485,"column":null}},"type":"if","locations":[{"start":{"line":481,"column":4},"end":{"line":485,"column":null}},{"start":{},"end":{}}],"line":481},"118":{"loc":{"start":{"line":481,"column":8},"end":{"line":481,"column":63}},"type":"binary-expr","locations":[{"start":{"line":481,"column":8},"end":{"line":481,"column":32}},{"start":{"line":481,"column":32},"end":{"line":481,"column":63}}],"line":481},"119":{"loc":{"start":{"line":483,"column":40},"end":{"line":483,"column":null}},"type":"binary-expr","locations":[{"start":{"line":483,"column":40},"end":{"line":483,"column":55}},{"start":{"line":483,"column":55},"end":{"line":483,"column":null}}],"line":483},"120":{"loc":{"start":{"line":484,"column":6},"end":{"line":484,"column":null}},"type":"if","locations":[{"start":{"line":484,"column":6},"end":{"line":484,"column":null}},{"start":{},"end":{}}],"line":484},"121":{"loc":{"start":{"line":492,"column":4},"end":{"line":492,"column":null}},"type":"if","locations":[{"start":{"line":492,"column":4},"end":{"line":492,"column":null}},{"start":{},"end":{}}],"line":492},"122":{"loc":{"start":{"line":492,"column":8},"end":{"line":492,"column":76}},"type":"binary-expr","locations":[{"start":{"line":492,"column":8},"end":{"line":492,"column":38}},{"start":{"line":492,"column":38},"end":{"line":492,"column":76}}],"line":492},"123":{"loc":{"start":{"line":496,"column":4},"end":{"line":498,"column":null}},"type":"if","locations":[{"start":{"line":496,"column":4},"end":
[...]
-expr","locations":[{"start":{"line":359,"column":23},"end":{"line":359,"column":56}},{"start":{"line":359,"column":56},"end":{"line":359,"column":73}}],"line":359},"80":{"loc":{"start":{"line":360,"column":30},"end":{"line":360,"column":72}},"type":"binary-expr","locations":[{"start":{"line":360,"column":30},"end":{"line":360,"column":67}},{"start":{"line":360,"column":67},"end":{"line":360,"column":72}}],"line":360},"81":{"loc":{"start":{"line":366,"column":22},"end":{"line":368,"column":null}},"type":"cond-expr","locations":[{"start":{"line":367,"column":8},"end":{"line":367,"column":null}},{"start":{"line":368,"column":8},"end":{"line":368,"column":null}}],"line":366},"82":{"loc":{"start":{"line":366,"column":22},"end":{"line":366,"column":null}},"type":"binary-expr","locations":[{"start":{"line":366,"column":22},"end":{"line":366,"column":46}},{"start":{"line":366,"column":46},"end":{"line":366,"column":null}}],"line":366},"83":{"loc":{"start":{"line":373,"column":16},"end":{"line":373,"column":68}},"type":"binary-expr","locations":[{"start":{"line":373,"column":16},"end":{"line":373,"column":46}},{"start":{"line":373,"column":46},"end":{"line":373,"column":68}}],"line":373},"84":{"loc":{"start":{"line":381,"column":26},"end":{"line":381,"column":null}},"type":"binary-expr","locations":[{"start":{"line":381,"column":26},"end":{"line":381,"column":56}},{"start":{"line":381,"column":56},"end":{"line":381,"column":86}},{"start":{"line":381,"column":86},"end":{"line":381,"column":null}}],"line":381},"85":{"loc":{"start":{"line":382,"column":28},"end":{"line":382,"column":null}},"type":"binary-expr","locations":[{"start":{"line":382,"column":28},"end":{"line":382,"column":58}},{"start":{"line":382,"column":58},"end":{"line":382,"column":null}}],"line":382},"86":{"loc":{"start":{"line":385,"column":4},"end":{"line":403,"column":null}},"type":"if","locations":[{"start":{"line":385,"column":4},"end":{"line":403,"column":null}},{"start":{},"end":{}}],"line":385},"87":{"loc":{"start":{"line":385,"column":8},"end":{"line":385,"column":48}},"type":"binary-expr","locations":[{"start":{"line":385,"column":8},"end":{"line":385,"column":25}},{"start":{"line":385,"column":25},"end":{"line":385,"column":48}}],"line":385},"88":{"loc":{"start":{"line":386,"column":20},"end":{"line":386,"column":null}},"type":"binary-expr","locations":[{"start":{"line":386,"column":20},"end":{"line":386,"column":56}},{"start":{"line":386,"column":56},"end":{"line":386,"column":null}}],"line":386},"89":{"loc":{"start":{"line":387,"column":18},"end":{"line":387,"column":null}},"type":"binary-expr","locations":[{"start":{"line":387,"column":18},"end":{"line":387,"column":52}},{"start":{"line":387,"column":52},"end":{"line":387,"column":null}}],"line":387},"90":{"loc":{"start":{"line":389,"column":6},"end":{"line":389,"column":null}},"type":"if","locations":[{"start":{"line":389,"column":6},"end":{"line":389,"column":null}},{"start":{},"end":{}}],"line":389},"91":{"loc":{"start":{"line":390,"column":26},"end":{"line":390,"column":null}},"type":"cond-expr","locations":[{"start":{"line":390,"column":56},"end":{"line":390,"column":61}},{"start":{"line":390,"column":61},"end":{"line":390,"column":null}}],"line":390},"92":{"loc":{"start":{"line":392,"column":6},"end":{"line":402,"column":null}},"type":"if","locations":[{"start":{"line":392,"column":6},"end":{"line":402,"column":null}},{"start":{"line":396,"column":13},"end":{"line":402,"column":null}}],"line":392},"93":{"loc":{"start":{"line":408,"column":23},"end":{"line":408,"column":null}},"type":"cond-expr","locations":[{"start":{"line":408,"column":54},"end":{"line":408,"column":139}},{"start":{"line":408,"column":139},"end":{"line":408,"column":null}}],"line":408},"94":{"loc":{"start":{"line":409,"column":26},"end":{"line":411,"column":null}},"type":"cond-expr","locations":[{"start":{"line":410,"column":8},"end":{"line":410,"column":null}},{"start":{"line":411,"column":8},"end":{"line":411,"column":null}}],"line":409},"95":{"loc":{"start":{"line":423,"column":30},"end":{"line":423,"column":55}},"type":"binary-expr","locations":[{"start":{"line":423,"column":30},"end":{"line":423,"column":50}},{"start":{"line":423,"column":50},"end":{"line":423,"column":55}}],"line":423},"96":{"loc":{"start":{"line":438,"column":4},"end":{"line":438,"column":null}},"type":"if","locations":[{"start":{"line":438,"column":4},"end":{"line":438,"column":null}},{"start":{},"end":{}}],"line":438},"97":{"loc":{"start":{"line":500,"column":23},"end":{"line":502,"column":null}},"type":"cond-expr","locations":[{"start":{"line":501,"column":8},"end":{"line":501,"column":null}},{"start":{"line":502,"column":9},"end":{"line":502,"column":null}}],"line":500},"98":{"loc":{"start":{"line":502,"column":9},"end":{"line":502,"column":null}},"type":"cond-expr","locations":[{"start":{"line":502,"column":29},"end":{"line":502,"column":122}},{"start":{"line":502,"column":122},"end":{"line":502,"column":null}}],"line":502},"99":{"loc":{"start":{"line":511,"column":26},"end":{"line":511,"column":50}},"type":"binary-expr","locations":[{"start":{"line":511,"column":26},"end":{"line":511,"column":43}},{"start":{"line":511,"column":43},"end":{"line":511,"column":50}}],"line":511},"100":{"loc":{"start":{"line":512,"column":24},"end":{"line":512,"column":44}},"type":"binary-expr","locations":[{"start":{"line":512,"column":24},"end":{"line":512,"column":38}},{"start":{"line":512,"column":38},"end":{"line":512,"column":44}}],"line":512},"101":{"loc":{"start":{"line":513,"column":26},"end":{"line":513,"column":46}},"type":"binary-expr","locations":[{"start":{"line":513,"column":26},"end":{"line":513,"column":39}},{"start":{"line":513,"column":39},"end":{"line":513,"column":46}}],"line":513},"102":{"loc":{"start":{"line":519,"column":25},"end":{"line":519,"column":56}},"type":"binary-expr","locations":[{"start":{"line":519,"column":25},"end":{"line":519,"column":46}},{"start":{"line":519,"column":46},"end":{"line":519,"column":56}}],"line":519},"103":{"loc":{"start":{"line":544,"column":105},"end":{"line":544,"column":137}},"type":"default-arg","locations":[{"start":{"line":544,"column":126},"end":{"line":544,"column":137}}],"line":544},"104":{"loc":{"start":{"line":545,"column":23},"end":{"line":545,"column":null}},"type":"cond-expr","locations":[{"start":{"line":545,"column":40},"end":{"line":545,"column":139}},{"start":{"line":545,"column":139},"end":{"line":545,"column":null}}],"line":545},"105":{"loc":{"start":{"line":567,"column":16},"end":{"line":567,"column":null}},"type":"cond-expr","locations":[{"start":{"line":567,"column":23},"end":{"line":567,"column":42}},{"start":{"line":567,"column":42},"end":{"line":567,"column":null}}],"line":567},"106":{"loc":{"start":{"line":568,"column":19},"end":{"line":568,"column":null}},"type":"cond-expr","locations":[{"start":{"line":568,"column":26},"end":{"line":568,"column":47}},{"start":{"line":568,"column":47},"end":{"line":568,"column":null}}],"line":568},"107":{"loc":{"start":{"line":571,"column":24},"end":{"line":571,"column":null}},"type":"cond-expr","locations":[{"start":{"line":571,"column":47},"end":{"line":571,"column":132}},{"start":{"line":571,"column":132},"end":{"line":571,"column":null}}],"line":571},"108":{"loc":{"start":{"line":572,"column":21},"end":{"line":572,"column":null}},"type":"binary-expr","locations":[{"start":{"line":572,"column":21},"end":{"line":572,"column":30}},{"start":{"line":572,"column":23},"end":{"line":572,"column":null}}],"line":572},"109":{"loc":{"start":{"line":576,"column":31},"end":{"line":576,"column":50}},"type":"binary-expr","locations":[{"start":{"line":576,"column":31},"end":{"line":576,"column":45}},{"start":{"line":576,"column":45},"end":{"line":576,"column":50}}],"line":576},"110":{"loc":{"start":{"line":582,"column":23},"end":{"line":582,"column":89}},"type":"cond-expr","locations":[{"start":{"line":582,"column":60},"end":{"line":582,"column":83}},{"start":{"line":582,"column":83},"end":{"line":582,"column":89}}],"line":582}},"s":{"0":1,"1":1,"2":1,"3":1,"4":1,"5":1,"6":0,"7":1,"8":0,"9":1,"10":0,"11":1,"12":1,"13":1,"14":1,"15":1,"16":1,"17":1,"18":1,"19":0,"20":1,"21":1,"22":1,"23":1,"24":1,"25":1,"26":1,"27":0,"28":1,"29":1,"30":1,"31":1,"32":1,"33":1,"34":1,"35":1,"36":1,"37":1,"38":1,"39":1,"40":1,"41":1,"42":1,"43":1,"44":1,"45":1,"46":1,"47":1,"48":1,"49":3,"50":3,"51":3,"52":3,"53":1,"54":3,"55":0,"56":3,"57":1,"58":3,"59":1,"60":3,"61":2,"62":3,"63":3,"64":3,"65":3,"66":3,"67":3,"68":1,"69":3,"70":3,"71":3,"72":3,"73":3,"74":3,"75":3,"76":3,"77":3,"78":3,"79":3,"80":1,"81":3,"82":1,"83":1,"84":3,"85":3,"86":10,"87":10,"88":10,"89":10,"90":12,"91":10,"92":10,"93":10,"94":10,"95":10,"96":10,"97":10,"98":10,"99":10,"100":10,"101":10,"102":0,"103":10,"104":10,"105":10,"106":10,"107":10,"108":10,"109":10,"110":10,"111":10,"112":10,"113":10,"114":10,"115":7,"116":7,"117":7,"118":7,"119":1,"120":7,"121":7,"122":1,"123":6,"124":10,"125":10,"126":10,"127":10,"128":10,"129":10,"130":7,"131":3,"132":3,"133":3,"134":3,"135":3,"136":3,"137":3,"138":28,"139":28,"140":10,"141":10,"142":10,"143":6,"144":6,"145":6,"146":4,"147":10,"148":10,"149":10,"150":12,"151":12,"152":12},"f":{"0":6,"1":0,"2":1,"3":6,"4":1,"5":3,"6":6,"7":12,"8":0,"9":6,"10":6,"11":6,"12":10,"13":6,"14":6,"15":6,"16":12},"b":{"0":[1,0],"1":[0,1],"2":[0,1],"3":[0,1],"4":[1,0],"5":[1,0],"6":[1,0],"7":[1,0],"8":[0,1],"9":[0,0],"10":[1,1],"11":[1,0],"12":[1,0],"13":[1,0],"14":[1,0],"15":[0,1],"16":[0,1],"17":[0,0],"18":[1,1],"19":[1,1],"20":[1,1,1],"21":[1,1,1],"22":[1,1,1],"23":[1,1],"24":[1,1],"25":[1,1,1],"26":[1,0],"27":[1,1],"28":[0,1],"29":[1,0],"30":[1,0],"31":[1,0],"32":[1,0],"33":[1,1,0],"34":[1,2],"35":[0,3],"36":[1,2],"37":[1,2],"38":[2,1],"39":[2,2],"40":[0,3],"41":[3,0],"42":[3,0],"43":[0,3],"44":[0,0],"45":[3,3],"46":[3,0],"47":[3,3],"48":[3,3],"49":[3,3,1],"50":[3,3,1],"51":[3,3,3],"52":[3,3],"53":[3,3],"54":[3,3,3],"55":[3,3,1],"56":[3,3,1],"57":[3,3,3],"58":[3,3],"59":[3,2,0],"60":[3,2,0],"61":[3,2,2],"62":[3,2],"63":[1,2],"64":[1,2],"65":[3,0],"66":[3,0],"67":[3,2,0],"68":[10,0],"69":[3,7],"70":[4,6],"71":[6,4],"72":[10,6],"73":[4,6],"74":[10,0],"75":[10,0],"76":[0,10],"77":[10,10,0],"78":[7,3],"79":[7,0],"80":[7,0],"81":[0,10],"82":[10,0],"83":[10,0],"84":[10,6,5],"85":[10,1],"86":[7,3],"87":[10,4],"88":[7,6],"89":[7,6],"90":[1,6],"91":[1,6],"92":[1,6],"93":[3,7],"94":[4,6],"95":[10,0],"96":[7,3],"97":[0,28],"98":[20,8],"99":[28,4],"100":[28,4],"101":[28,8],"102":[28,8],"103":[6],"104":[2,4],"105":[4,6],"106":[4,6],"107":[2,10],"108":[12,0],"109":[12,0],"110":[9,3]},"meta":{"lastBranch":111,"lastFunction":17,"lastStatement":153,"seen":{"f:13:9:13:26":0,"s:14:17:14:Infinity":0,"s:17:18:17:Infinity":1,"s:18:27:18:Infinity":2,"b:20:4:22:Infinity:undefined:undefined:undefined:undefined":0,"s:20:4:22:Infinity":3,"s:21:6:21:Infinity":4,"b:23:4:25:Infinity:undefined:undefined:undefined:undefined":1,"s:23:4:25:Infinity":5,"s:24:6:24:Infinity":6,"b:26:4:28:Infinity:undefined:undefined:undefined:undefined":2,"s:26:4:28:Infinity":7,"s:27:6:27:Infinity":8,"b:29:4:31:Infinity:undefined:undefined:undefined:undefined":3,"s:29:4:31:Infinity":9,"s:30:6:30:Infinity":10,"b:33:4:42:Infinity:undefined:undefined:undefined:undefined":4,"s:33:4:42:Infinity":11,"b:33:8:33:40:33:40:33:60":5,"s:34:6:34:Infinity":12,"b:35:6:37:Infinity:undefined:undefined:undefined:undefined":6,"s:35:6:37:Infinity":13,"s:36:8:36:Infinity":14,"b:38:6:40:Infinity:undefined:undefined:undefined:undefined":7,"s:38:6:40:Infinity":15,"s:39:8:39:Infinity":16,"s:41:6:41:Infinity":17,"b:45:4:47:Infinity:undefined:undefined:undefined:undefined":8,"s:45:4:47:Infinity":18,"s:46:6:46:Infinity":19,"b:46:84:46:110:46:110:46:113":9,"s:49:23:53:Infinity":20,"s:59:15:59:Infinity":21,"s:60:22:60:Infinity":22,"s:61:10:61:Infinity":23,"s:62:18:62:Infinity":24,"b:62:18:62:39:62:39:62:Infinity":10,"b:62:42:62:78:62:78:62:88":11,"s:63:25:63:Infinity":25,"s:65:10:65:Infinity":26,"b:65:19:65:35:65:35:65:39":12,"f:65:43:65:48":1,"s:65:48:65:79":27,"s:66:26:66:Infinity":28,"s:67:20:67:Infinity":29,"s:68:21:68:Infinity":30,"s:70:24:79:Infinity":31,"b:70:60:77:Infinity:79:38:79:Infinity":13,"b:73:21:73:68:73:68:73:85":14,"b:76:31:76:133:76:133:76:135":15,"s:81:21:85:Infinity":32,"b:81:46:84:Infinity:85:27:85:Infinity":16,"b:84:41:84:112:84:112:84:114":17,"s:87:19:87:Infinity":33,"s:88:18:88:Infinity":34,"s:90:21:118:Infinity":35,"b:96:42:96:66:96:66:96:84":18,"b:97:35:97:60:97:60:97:79":19,"b:99:28:99:56:99:56:99:82:99:82:99:89":20,"b:100:26:100:51:100:51:100:74:100:74:100:80":21,"b:101:28:101:52:101:52:101:74:101:74:101:81":22,"b:104:47:104:71:104:71:104:89":23,"b:106:34:106:59:106:59:106:78":24,"b:107:27:107:59:107:59:107:89:107:89:107:99":25,"s:122:18:149:Infinity":36,"f:122:36:122:37":2,"s:123:23:123:Infinity":37,"b:123:70:123:89:123:89:123:90":26,"s:124:26:124:Infinity":38,"b:124:76:124:98:124:98:124:99":27,"s:125:27:125:Infinity":39,"b:125:44:125:109:125:109:125:Infinity":28,"s:126:30:126:Infinity":40,"b:126:56:126:176:126:176:126:Infinity":29,"s:128:18:128:Infinity":41,"b:129:6:131:Infinity:undefined:undefined:undefined:undefined":30,"s:129:6:131:Infinity":42,"s:130:8:130:Infinity":43,"b:132:6:136:Infinity:undefined:undefined:undefined:undefined":31,"s:132:6:136:Infinity":44,"s:133:8:135:Infinity":45,"s:134:10:134:Infinity":46,"s:138:6:146:Infinity":47,"b:140:14:140:23:140:23:140:29":32,"b:146:47:146:71:146:71:146:80:146:80:146:86":33,"s:151:4:166:Infinity":48,"f:169:9:169:27":3,"s:170:17:170:Infinity":49,"s:173:18:173:Infinity":50,"s:174:27:174:Infinity":51,"b:176:4:178:Infinity:undefined:undefined:undefined:undefined":34,"s:176:4:178:Infinity":52,"s:177:6:177:Infinity":53,"b:179:4:181:Infinity:undefined:undefined:undefined:undefined":35,"s:179:4:181:Infinity":54,"s:180:6:180:Infinity":55,"b:182:4:184:Infinity:undefined:undefined:undefined:undefined":36,"s:182:4:184:Infinity":56,"s:183:6:183:Infinity":57,"b:185:4:187:Infinity:undefined:undefined:undefined:undefined":37,"s:185:4:187:Infinity":58,"s:186:6:186:Infinity":59,"b:190:4:192:Infinity:undefined:undefined:undefined:undefined":38,"s:190:4:192:Infinity":60,"s:191:6:191:Infinity":61,"b:191:84:191:109:191:109:191:112":39,"s:194:23:198:Infinity":62,"s:204:15:204:Infinity":63,"s:205:22:205:Infinity":64,"s:206:10:206:Infinity":65,"s:207:22:207:Infinity":66,"b:207:41:207:100:207:100:207:Infinity":40,"b:207:122:207:158:207:158:207:168":41,"s:209:10:209:Infinity":67,"b:209:19:209:34:209:34:209:38":42,"f:209:42:209:47":4,"s:209:47:209:78":68,"s:210:26:210:Infinity":69,"s:211:20:211:Infinity":70,"s:212:21:212:Infinity":71,"s:214:21:218:Infinity":72,"b:214:45:217:Infinity:218:27:218:Infinity":43,"b:217:40:217:110:217:110:217:112":44,"s:220:19:220:Infinity":73,"s:221:18:221:Infinity":74,"s:223:18:223:Infinity":75,"b:223:18:223:38:223:38:223:Infinity":45,"b:223:41:223:77:223:77:223:87":46,"s:225:21:269:Infinity":76,"b:231:42:231:65:231:65:231:82":47,"b:232:35:232:59:232:59:232:77":48,"b:234:28:234:55:234:55:234:80:234:80:234:87":49,"b:235:26:235:50:235:50:235:72:235:72:235:78":50,"b:236:28:236:51:236:51:236:72:236:72:236:79":51,"b:239:47:239:70:239:70:239:87":52,"b:241:34:241:58:241:58:241:76":53,"b:242:27:242:58:242:58:242:87:242:87:242:97":54,"b:253:26:253:60:253:60:253:84:253:84:253:93":55,"b:254:24:254:56:254:56:254:77:254:77:254:83":56,"b:255:26:255:57:255:57:255:77:255:77:255:84":57,"b:256:47:256:86:256:86:256:90":58,"b:266:28:266:62:266:62:266:87:266:87:266:96":59,"b:267:26:267:58:267:58:267:80:267:80:267:86":60,"b:268:28:268:59:268:59:268:80:268:80:268:87":61,"b:269:49:269:88:269:88:269:92":62,"s:275:18:295:Infinity":77,"f:275:35:275:36":5,"s:276:18:276:Infinity":78,"b:277:6:279:Infinity:undefined:undefined:undefined:undefined":63,"s:277:6:279:Infinity":79,"s:278:8:278:Infinity":80,"b:280:6:284:Infinity:undefined:undefined:undefined:undefined":64,"s:280:6:284:Infinity":81,"s:281:8:283:Infinity":82,"s:282:10:282:Infinity":83,"s:286:6:292:Infinity":84,"b:288:14:288:23:288:23:288:29":65,"b:289:39:289:53:289:53:289:58":66,"b:292:47:292:59:292:59:292:68:292:68:292:74":67,"s:297:4:311:Infinity":85,"f:314:9:314:18":6,"s:315:22:315:Infinity":86,"b:315:22:315:51:315:51:315:Infinity":68,"s:316:22:316:Infinity":87,"s:317:27:317:Infinity":88,"s:318:27:318:Infinity":89,"f:318:48:318:49":7,"s:318:60:318:94":90,"b:318:128:318:133:318:133:318:Infinity":69,"s:319:29:319:Infinity":91,"s:321:17:321:Infinity":92,"b:321:46:321:61:321:61:321:Infinity":70,"s:322:17:322:Infinity":93,"s:323:18:323:Infinity":94,"s:326:23:326:Infinity":95,"s:329:15:329:Infinity":96,"s:330:22:330:Infinity":97,"s:331:21:331:Infinity":98,"b:331:49:331:103:331:103:331:Infinity":71,"b:331:21:331:30:331:30:331:49":72,"s:333:24:333:Infinity":99,"b:333:31:333:54:333:54:333:Infinity":73,"s:334:21:334:Infinity":100,"s:337:10:337:Infinity":101,"b:337:19:337:36:337:36:337:40":74,"f:337:44:337:49":8,"s:337:49:337:80":102,"s:339:21:339:Infinity":103,"b:339:50:339:70:339:70:339:75":75,"s:340:26:340:Infinity":104,"s:343:26:348:Infinity":105,"b:343:100:347:Infinity:348:32:348:Infinity":76,"b:343:26:343:46:343:46:343:76:343:76:343:100":77,"s:351:19:351:Infinity":106,"s:352:18:352:Infinity":107,"s:355:23:362:Infinity":108,"b:355:50:360:Infinity:362:29:362:Infinity":78,"b:359:23:359:56:359:56:359:73":79,"b:360:30:360:67:360:67:360:72":80,"s:366:22:368:Infinity":109,"b:367:8:367:Infinity:368:8:368:Infinity":81,"b:366:22:366:46:366:46:366:Infinity":82,"s:369:20:373:Infinity":110,"b:373:16:373:46:373:46:373:68":83,"s:381:26:381:Infinity":111,"b:381:26:381:56:381:56:381:86:381:86:381:Infinity":84,"s:382:28:382:Infinity":112,"b:382:28:382:58:382:58:382:Infinity":85,"s:383:17:383:Infinity":113,"b:385:4:403:Infinity:undefined:undefined:undefined:undefined":86,"s:385:4:403:Infinity":114,"b:385:8:385:25:385:25:385:48":87,"s:386:20:386:Infinity":115,"b:386:20:386:56:386:56:386:Infinity":88,"s:387:18:387:Infinity":116,"b:387:18:387:52:387:52:387:Infinity":89,"s:388:21:388:Infinity":117,"b:389:6:389:Infinity:undefined:undefined:undefined:undefined":90,"s:389:6:389:Infinity":118,"s:389:38:389:Infinity":119,"s:390:26:390:Infinity":120,"b:390:56:390:61:390:61:390:Infinity":91,"b:392:6:402:Infinity:396:13:402:Infinity":92,"s:392:6:402:Infinity":121,"s:393:8:394:Infinity":122,"s:397:8:400:Infinity":123,"s:407:21:407:Infinity":124,"s:408:23:408:Infinity":125,"b:408:54:408:139:408:139:408:Infinity":93,"s:409:26:411:Infinity":126,"b:410:8:410:Infinity:411:8:411:Infinity":94,"s:414:18:414:Infinity":127,"s:416:4:434:Infinity":128,"b:423:30:423:50:423:50:423:55":95,"f:437:17:437:36":9,"b:438:4:438:Infinity:undefined:undefined:undefined:undefined":96,"s:438:4:438:Infinity":129,"s:438:38:438:Infinity":130,"s:441:18:441:Infinity":131,"s:444:19:444:Infinity":132,"s:445:23:445:Infinity":133,"s:447:23:447:Infinity":134,"s:448:23:448:Infinity":135,"s:449:25:449:Infinity":136,"s:451:4:491:Infinity":137,"f:499:17:499:31":10,"s:500:23:502:Infinity":138,"b:501:8:501:Infinity:502:9:502:Infinity":97,"b:502:29:502:122:502:122:502:Infinity":98,"s:504:4:522:Infinity":139,"b:511:26:511:43:511:43:511:50":99,"b:512:24:512:38:512:38:512:44":100,"b:513:26:513:39:513:39:513:46":101,"b:519:25:519:46:519:46:519:56":102,"f:525:17:525:34":11,"s:526:22:535:Infinity":140,"f:526:33:526:38":12,"s:526:38:532:Infinity":141,"s:537:4:540:Infinity":142,"f:544:17:544:46":13,"b:544:126:544:137":103,"s:545:23:545:Infinity":143,"b:545:40:545:139:545:139:545:Infinity":104,"s:546:20:546:Infinity":144,"s:547:4:552:Infinity":145,"f:556:17:556:49":14,"s:557:4:562:Infinity":146,"f:566:17:566:31":15,"s:567:16:567:Infinity":147,"b:567:23:567:42:567:42:567:Infinity":105,"s:568:19:568:Infinity":148,"b:568:26:568:47:568:47:568:Infinity":106,"s:570:4:592:Infinity":149,"f:570:21:570:22":16,"s:571:24:571:Infinity":150,"b:571:47:571:132:571:132:571:Infinity":107,"s:572:21:572:Infinity":151,"b:572:21:572:30:572:23:572:Infinity":108,"s:573:6:591:Infinity":152,"b:576:31:576:45:576:45:576:50":109,"b:582:60:582:83:582:83:582:89":110}}}
}
